File loaded: C:/APLAB/denso/250811/2_input_time_flow/Air_ANFISV2-main/anfisV2/input/Real_8_10_68.csv
Test file loaded: C:/APLAB/denso/250811/2_input_time_flow/Air_ANFISV2-main/anfisV2/input/Real_8_10_68.csv
Starting training...
Epoch: 100 Membership: 3 Step_size: 0.1 Decrease: 0.9 Increase: 0.1
0. RMSE error: 2.6995922832211747e-06
1. RMSE error: 2.7127300860697637e-06
2. RMSE error: 2.7451072443320464e-06
3. RMSE error: 2.8069092925476373e-06
4. RMSE error: 2.9212043950584436e-06
5. RMSE error: 3.150207781927294e-06
6. RMSE error: 3.737499062867328e-06
7. RMSE error: 6.903607292897692e-06
8. RMSE error: 0.00010825629512315203
9. RMSE error: 2.058365266315464e-05
10. RMSE error: 0.00012918582697037188
11. RMSE error: 4.456732094900158e-05
12. RMSE error: 2.141552416969945e-05
13. RMSE error: 2.8301428615537653e-05
14. RMSE error: 0.00013307355392576744
15. RMSE error: 3.3447261242573594e-05
16. RMSE error: 9.73014320030136e-06
17. RMSE error: 2.5931362175475418e-05
18. RMSE error: 3.4595509447500803e-07
19. RMSE error: 0.0001018574479744122
20. RMSE error: 2.932059186296367e-05
21. RMSE error: 4.394398195997768e-05
22. RMSE error: 4.653163079627588e-05
23. RMSE error: 1.9241117506075258e-05
24. RMSE error: 6.669707349453849e-05
25. RMSE error: 8.224661819458338e-06
26. RMSE error: 8.703923277730299e-05
27. RMSE error: 3.1569275489570576e-06
28. RMSE error: 0.00010636214269436501
29. RMSE error: 1.2731264769980554e-06
30. RMSE error: 0.0001366746142373079
31. RMSE error: 2.1500969332713124e-06
32. RMSE error: 0.00014056034936724514
33. RMSE error: 1.3222969983381895e-06
34. RMSE error: 0.00012531122594813766
35. RMSE error: 1.8346053581342566e-06
36. RMSE error: 0.00010777912247972699
37. RMSE error: 1.4190749441398551e-06
38. RMSE error: 8.19181183720356e-05
39. RMSE error: 1.6024967346949544e-06
40. RMSE error: 6.307685356256254e-05
41. RMSE error: 1.5307699730951756e-06
42. RMSE error: 4.827460885533601e-05
43. RMSE error: 1.4751708299950789e-06
44. RMSE error: 3.483827435168971e-05
45. RMSE error: 1.7022229905160239e-06
46. RMSE error: 2.7430904727876682e-05
47. RMSE error: 1.6146664947898237e-06
48. RMSE error: 2.2018428095330145e-05
49. RMSE error: 1.498030537954063e-06
50. RMSE error: 1.7388237869223024e-05
51. RMSE error: 1.4460955841299227e-06
52. RMSE error: 1.3242950421528724e-05
53. RMSE error: 1.474953403967388e-06
54. RMSE error: 9.650813432112198e-06
55. RMSE error: 1.5765657436252653e-06
56. RMSE error: 7.228131265311939e-06
57. RMSE error: 1.5690691330822851e-06
58. RMSE error: 5.078167880379547e-06
59. RMSE error: 1.684624380800064e-06
60. RMSE error: 3.8299425720873005e-06
61. RMSE error: 1.6176822660669806e-06
62. RMSE error: 2.7064492688724524e-06
63. RMSE error: 1.6696426458994925e-06
64. RMSE error: 2.1873951424838582e-06
65. RMSE error: 1.4146008358863706e-06
66. RMSE error: 1.6337699914119037e-06
67. RMSE error: 1.3500804266331795e-06
68. RMSE error: 9.474339862438811e-07
69. RMSE error: 1.4306620750691514e-06
70. RMSE error: 7.054463335012428e-07
71. RMSE error: 8.06666911156821e-07
72. RMSE error: 3.1013579675195746e-07
73. RMSE error: 1.0811814381929113e-07
74. RMSE error: 1.0761125535472437e-07
75. RMSE error: 1.07543922929746e-07
76. RMSE error: 1.0756762636873148e-07
77. RMSE error: 1.0751158933910123e-07
78. RMSE error: 1.0752549686860556e-07
79. RMSE error: 1.0752286720280425e-07
80. RMSE error: 1.0755263895428261e-07
81. RMSE error: 1.0746736514776461e-07
82. RMSE error: 1.074199496373403e-07
83. RMSE error: 1.0746218319905829e-07
84. RMSE error: 1.0741837323483732e-07
85. RMSE error: 1.0748630842768262e-07
86. RMSE error: 1.0741113735085533e-07
87. RMSE error: 1.0746602544963797e-07
88. RMSE error: 1.074216923043477e-07
89. RMSE error: 1.0744670617926134e-07
90. RMSE error: 1.073229657499329e-07
91. RMSE error: 1.0740617000420941e-07
92. RMSE error: 1.0743226377999498e-07
93. RMSE error: 1.0736698615032246e-07
94. RMSE error: 1.0734844692104632e-07
95. RMSE error: 1.0739610649736536e-07
96. RMSE error: 1.0740635912511715e-07
97. RMSE error: 1.0733695225060239e-07
98. RMSE error: 1.073755937585473e-07
99. RMSE error: 1.0741484138209064e-07
Total RMSE error myanfis: 0.50


Input 1 Membership Functions:

  MF1: gbellmf(x, [0.00920918869466991, 2.2723608636700505, -0.4505603455096334])

  MF2: gbellmf(x, [0.3413955086466637, 2.008082597678702, 0.4643037259775403])

  MF3: gbellmf(x, [-0.0001854110126087497, 2.0051767303858314, 0.9241362628322121])



Input 2 Membership Functions:

  MF1: gbellmf(x, [2.1482201119102515, 0.7130848864451005, 1.129194923952275])

  MF2: gbellmf(x, [0.418011409839029, 2.681398657079464, 5.727703037823708])

  MF3: gbellmf(x, [0.9382439826565427, 2.5978283207371744, 10.076261117340351])



MF RULE OUTPUT
  [[ 1.84057765e-09  5.59274077e-09  5.57687264e-09]
 [ 4.28400171e-15  1.36910501e-14  1.29933407e-14]
 [ 5.34945597e-12  1.96452046e-10  1.96843913e-11]
 [ 1.14200924e-06  2.25202538e+00  2.24801915e+00]
 [ 2.23299095e-12  5.40266215e-06  5.22651138e-06]
 [-1.10067236e-07  4.96048420e-02  4.97628189e-03]
 [-6.91334868e-13 -9.85696844e-13 -9.86202181e-13]
 [-1.59973881e-18 -2.26016971e-18 -2.28238900e-18]
 [ 4.95223379e-16  6.24713224e-15  6.17780861e-16]]])

Training completed successfully.
By AP_Lab
Test_Function and save to .csv ...
✅ Done! Output saved to ANFIS_Results\ANFIS_results_2025-08-12_02-01-09.csv
Plots generated successfully.
##################################################
