File loaded: C:/Users/AP_Lab/Downloads/Real_8_10_68.csv
Test file loaded: C:/Users/AP_Lab/Downloads/Real_8_10_68.csv
Starting training...
Epoch: 2 Membership: 15 Step_size: 0.1 Decrease: 0.9 Increase: 0.1
0. RMSE error: 0.37227394214902226
1. RMSE error: 0.3842703948108313
Total RMSE error myanfis: 46.78


Input 1 Membership Functions:

  MF1: gbellmf(x, [0.07171668452735029, 2.0001428093027616, 0.3177174277035313])

  MF2: gbellmf(x, [0.07019099687143075, 2.000098154091332, 0.3429595332114078])

  MF3: gbellmf(x, [0.0658232299320694, 1.9998767200953378, 0.3774547316768588])

  MF4: gbellmf(x, [0.06562305934547023, 1.99997146514908, 0.40770059815939297])

  MF5: gbellmf(x, [0.06718807116558931, 2.000081914024614, 0.43624506547897274])

  MF6: gbellmf(x, [0.09304947754618663, 2.0004378682283703, 0.4896355628482679])

  MF7: gbellmf(x, [0.1075068222077128, 2.0003220375282647, 0.5212014075096215])

  MF8: gbellmf(x, [0.08886468442403113, 2.0004808052501644, 0.5458176183367659])

  MF9: gbellmf(x, [0.05532120140558064, 1.9992025828826219, 0.5368466868113478])

  MF10: gbellmf(x, [0.042986221429064414, 2.0048229012429437, 0.5813208238043722])

  MF11: gbellmf(x, [0.1361144354826245, 1.998984293702323, 0.612803804762888])

  MF12: gbellmf(x, [0.06823419297268402, 1.9999821165495106, 0.6383461435302186])

  MF13: gbellmf(x, [0.07188323787237294, 2.0003031113670033, 0.6633857140083037])

  MF14: gbellmf(x, [0.034243548180092925, 1.9995664313124293, 0.7409221161426969])

  MF15: gbellmf(x, [0.05089267459685949, 1.999755304278728, 0.7546988517090452])



Input 2 Membership Functions:

  MF1: gbellmf(x, [0.16666134356970622, 2.0000007948063976, 0.9999991128242784])

  MF2: gbellmf(x, [0.1666726561931142, 2.0000019464922993, 1.0713966831561972])

  MF3: gbellmf(x, [0.16658150756494383, 2.0000003185265225, 1.1429436141064782])

  MF4: gbellmf(x, [0.16641276230325347, 2.000006705447354, 1.214470491591801])

  MF5: gbellmf(x, [0.1664981926310673, 2.000008962320793, 1.2857976379946257])

  MF6: gbellmf(x, [0.1665633668896869, 2.0000079067487633, 1.357171113721502])

  MF7: gbellmf(x, [0.1665836030052241, 2.000007580259062, 1.428574127842896])

  MF8: gbellmf(x, [0.1665716454145618, 2.000008699212646, 1.4999830851800757])

  MF9: gbellmf(x, [0.16652300136943232, 2.0000116249963775, 1.5713817253248021])

  MF10: gbellmf(x, [0.16640824750816627, 2.000016828146522, 1.642742708326429])

  MF11: gbellmf(x, [0.16616575154270546, 2.000022956590564, 1.7139984327856708])

  MF12: gbellmf(x, [0.16586578606577787, 2.0000173264102297, 1.7850966492608256])

  MF13: gbellmf(x, [0.16641136543029225, 1.999997241416408, 1.8568498354210365])

  MF14: gbellmf(x, [0.16670712192122145, 2.000003435438843, 1.9286726522311217])

  MF15: gbellmf(x, [0.16666463794903055, 2.0000003029142497, 2.0000003381189444])



MF RULE OUTPUT
  [[ 5.89601940e+01  1.15931685e+01  1.15966339e+01]
 [ 5.70360732e+01  1.12123445e+01  1.12170045e+01]
 [ 3.82768431e+01  7.51833406e+00  7.52474782e+00]
 [ 1.57691213e+01  3.08512766e+00  3.09419942e+00]
 [ 6.10592126e+00  1.17600024e+00  1.18927344e+00]
 [ 2.65810748e+00  4.84486389e-01  5.04689483e-01]
 [ 1.30184010e+00  1.94674973e-01  2.26947751e-01]
 [ 6.91738669e-01  3.18239281e-02  8.65862622e-02]
 [ 3.74110167e-01 -1.17447400e-01 -1.71068141e-02]
 [ 1.65554514e-01 -3.53702874e-01 -1.50828955e-01]
 [-5.26649905e-02 -8.92709944e-01 -4.29293858e-01]
 [-4.63304510e-01 -2.36068229e+00 -1.16870710e+00]
 [-1.33708271e+00 -5.80864130e+00 -2.89605883e+00]
 [-2.06057456e+00 -8.68519651e+00 -4.33658339e+00]
 [-2.14762237e+00 -8.98080507e+00 -4.48593069e+00]
 [-4.12061239e+01 -3.47599400e+00 -3.47101041e+00]
 [-3.98628443e+01 -3.36635621e+00 -3.35965470e+00]
 [-2.67555548e+01 -2.26870454e+00 -2.25948092e+00]
 [-1.10297653e+01 -9.53327419e-01 -9.40281342e-01]
 [-4.28163515e+00 -3.97488684e-01 -3.78400516e-01]
 [-1.87993814e+00 -2.14942245e-01 -1.85888199e-01]
 [-9.45547351e-01 -1.70276133e-01 -1.23864688e-01]
 [-5.44147918e-01 -1.99741246e-01 -1.20987599e-01]
 [-3.72746385e-01 -3.13469012e-01 -1.69169334e-01]
 [-3.40749556e-01 -5.99056149e-01 -3.07303406e-01]
 [-4.77286085e-01 -1.34307172e+00 -6.76633601e-01]
 [-9.98549713e-01 -3.43530858e+00 -1.72113046e+00]
 [-2.29669050e+00 -8.38209991e+00 -4.19351853e+00]
 [-3.38415950e+00 -1.25110651e+01 -6.25732975e+00]
 [-3.48558365e+00 -1.29308194e+01 -6.46674584e+00]
 [ 6.90905997e+01 -2.83830392e+01 -2.83783713e+01]
 [ 6.68353668e+01 -2.74606104e+01 -2.74543333e+01]
 [ 4.48518459e+01 -1.84384096e+01 -1.84297701e+01]
 [ 1.84753339e+01 -7.61500367e+00 -7.60278381e+00]
 [ 7.14995007e+00 -2.97717321e+00 -2.95929391e+00]
 [ 3.10693701e+00 -1.33830899e+00 -1.31109496e+00]
 [ 1.51286293e+00 -7.20994647e-01 -6.77522473e-01]
 [ 7.89080520e-01 -4.93269212e-01 -4.19503089e-01]
 [ 3.98953654e-01 -4.73910957e-01 -3.38749881e-01]
 [ 1.14253746e-01 -6.73853025e-01 -4.00577191e-01]
 [-2.43883970e-01 -1.33192681e+00 -7.07694683e-01]
 [-1.01148490e+00 -3.26814949e+00 -1.66253150e+00]
 [-2.71178502e+00 -7.88704770e+00 -3.96373215e+00]
 [-4.12410632e+00 -1.17447883e+01 -5.88710641e+00]
 [-4.28360785e+00 -1.21312745e+01 -6.07657534e+00]
 [-5.97879233e+01  3.12342337e+01  3.12280465e+01]
 [-5.78378188e+01  3.02199357e+01  3.02116157e+01]
 [-3.88174790e+01  2.02931485e+01  2.02816973e+01]
 [-1.59969077e+01  8.38489933e+00  8.36870254e+00]
 [-6.20179996e+00  3.28407036e+00  3.26037227e+00]
 [-2.71119386e+00  1.48489863e+00  1.44882785e+00]
 [-1.34544340e+00  8.12936560e-01  7.55316455e-01]
 [-7.44496416e-01  5.75988401e-01  4.78215244e-01]
 [-4.58277424e-01  5.82323018e-01  4.03174047e-01]
 [-3.27460964e-01  8.64505670e-01  5.02292777e-01]
 [-3.11142420e-01  1.74661491e+00  9.19227729e-01]
 [-4.67874989e-01  4.31895264e+00  2.19078956e+00]
 [-9.35378927e-01  1.04447747e+01  5.24462417e+00]
 [-1.33141110e+00  1.55604830e+01  7.79643058e+00]
 [-1.35820108e+00  1.60744492e+01  8.04926068e+00]
 [ 5.65431489e+01  8.59902983e+00  8.59951886e+00]
 [ 5.46929883e+01  8.31813106e+00  8.31878867e+00]
 [ 3.66920409e+01  5.58159452e+00  5.58249962e+00]
 [ 1.50920400e+01  2.29812309e+00  2.29940327e+00]
 [ 5.80704014e+00  8.87790214e-01  8.89663299e-01]
 [ 2.47374179e+00  3.83439492e-01  3.86290507e-01]
 [ 1.12737908e+00  1.83070743e-01  1.87625006e-01]
 [ 4.57568592e-01  8.93362458e-02  9.70641849e-02]
 [-1.85325262e-02  3.33876430e-02  4.75474839e-02]
 [-6.04220667e-01 -1.86734698e-02  9.95564763e-03]
 [-1.79346242e+00 -1.05495179e-01 -4.00989291e-02]
 [-4.92752752e+00 -3.19167433e-01 -1.50958538e-01]
 [-1.22370196e+01 -8.09784166e-01 -3.98766990e-01]
 [-1.83320376e+01 -1.21841475e+00 -6.04748114e-01]
 [-1.89656365e+01 -1.26198278e+00 -6.27676075e-01]
 [-6.44191083e+00  2.79508615e+01  2.79548479e+01]
 [-6.20092802e+00  2.70360005e+01  2.70413611e+01]
 [-4.08413907e+00  1.81370281e+01  1.81444061e+01]
 [-1.53134638e+00  7.45870635e+00  7.46914205e+00]
 [-3.63383180e-01  2.86786875e+00  2.88313758e+00]
 [ 1.81075863e-01  1.21862724e+00  1.24186789e+00]
 [ 6.15010562e-01  5.50529433e-01  5.87654450e-01]
 [ 1.21146138e+00  2.14689947e-01  2.77685843e-01]
 [ 2.31859293e+00 -3.02417391e-02  8.51851356e-02]
 [ 4.75322546e+00 -3.41312349e-01 -1.07936171e-01]
 [ 1.09052544e+01 -9.83939939e-01 -4.50848868e-01]
 [ 2.80862116e+01 -2.68629795e+00 -1.31510831e+00]
 [ 6.86511291e+01 -6.66115757e+00 -3.31066596e+00]
 [ 1.02506250e+02 -9.97586694e+00 -4.97343631e+00]
 [ 1.05955908e+02 -1.03198085e+01 -5.14912608e+00]
 [-4.38478782e+01 -1.18736789e+02 -1.18783733e+02]
 [-4.23807342e+01 -1.14827762e+02 -1.14890888e+02]
 [-2.83506784e+01 -7.69749720e+01 -7.70618551e+01]
 [-1.15017894e+01 -3.15439333e+01 -3.16668224e+01]
 [-4.18336351e+00 -1.19592041e+01 -1.21390075e+01]
 [-1.42181195e+00 -4.82960963e+00 -5.10328783e+00]
 [-7.68256733e-02 -1.78108178e+00 -2.21826016e+00]
 [ 1.00050124e+00  3.56935959e-02 -7.06136197e-01]
 [ 2.49904129e+00  1.86585613e+00  5.06607345e-01]
 [ 5.49305609e+00  4.96325731e+00  2.21505601e+00]
 [ 1.28686558e+01  1.22056479e+01  5.92805098e+00]
 [ 3.33444447e+01  3.20554716e+01  1.59085573e+01]
 [ 8.16296913e+01  7.87404611e+01  3.92855970e+01]
 [ 1.21924590e+02  1.17692447e+02  5.87846074e+01]
 [ 1.26038626e+02  1.21686673e+02  6.07975269e+01]
 [ 7.91412912e+01  1.59691092e+02  1.59748895e+02]
 [ 7.65703839e+01  1.54437801e+02  1.54515530e+02]
 [ 5.14159733e+01  1.03537741e+02  1.03644722e+02]
 [ 2.12401787e+01  4.24490284e+01  4.26003450e+01]
 [ 8.31249296e+00  1.61238762e+01  1.63452727e+01]
 [ 3.74895639e+00  6.55711512e+00  6.89410202e+00]
 [ 2.03816998e+00  2.49448772e+00  3.03279655e+00]
 [ 1.42264498e+00  1.20396054e-01  1.03382988e+00]
 [ 1.40803676e+00 -2.20069977e+00 -5.27022283e-01]
 [ 2.05408056e+00 -6.05087169e+00 -2.66694176e+00]
 [ 4.11397440e+00 -1.49894496e+01 -7.25968542e+00]
 [ 1.01418716e+01 -3.94436609e+01 -1.95615560e+01]
 [ 2.45065258e+01 -9.69359138e+01 -4.83541394e+01]
 [ 3.65031062e+01 -1.44903706e+02 -7.23689903e+01]
 [ 3.77070458e+01 -1.49825486e+02 -7.48511373e+01]
 [-6.82817845e+01 -1.37715433e+02 -1.37666970e+02]
 [-6.60288904e+01 -1.33259259e+02 -1.33194090e+02]
 [-4.42501618e+01 -8.95257987e+01 -8.94361037e+01]
 [-1.81091766e+01 -3.70695855e+01 -3.69427190e+01]
 [-6.82861296e+00 -1.46377331e+01 -1.44521104e+01]
 [-2.70168432e+00 -6.79216781e+00 -6.50963195e+00]
 [-9.02711074e-01 -3.97793461e+00 -3.52660683e+00]
 [ 2.27087031e-01 -3.20857659e+00 -2.44273727e+00]
 [ 1.45167289e+00 -3.79393157e+00 -2.39069033e+00]
 [ 3.61997486e+00 -6.29173388e+00 -3.45458629e+00]
 [ 8.76837591e+00 -1.33663573e+01 -6.88558425e+00]
 [ 2.29336050e+01 -3.36150697e+01 -1.69455562e+01]
 [ 5.62757307e+01 -8.16596922e+01 -4.09278607e+01]
 [ 8.40966100e+01 -1.21771530e+02 -6.09571229e+01]
 [ 8.69456829e+01 -1.25825783e+02 -6.29659437e+01]
 [ 1.33373987e+01  4.08109709e+00  3.98630140e+00]
 [ 1.29733283e+01  4.01949796e+00  3.89202474e+00]
 [ 8.88529038e+00  2.87738782e+00  2.70193992e+00]
 [ 4.01052114e+00  1.53737416e+00  1.28921700e+00]
 [ 2.08423812e+00  1.12959514e+00  7.66507789e-01]
 [ 1.69258134e+00  1.28139503e+00  7.28740835e-01]
 [ 2.04715614e+00  1.85260030e+00  9.69780734e-01]
 [ 3.13535999e+00  3.04345798e+00  1.54543822e+00]
 [ 5.54566683e+00  5.51754178e+00  2.77273218e+00]
 [ 1.10807595e+01  1.11166629e+01  5.56706127e+00]
 [ 2.52152172e+01  2.53648753e+01  1.26881612e+01]
 [ 6.47841819e+01  6.52205995e+01  3.26142026e+01]
 [ 1.58253946e+02  1.59352516e+02  7.96790296e+01]
 [ 2.36265739e+02  2.37916041e+02  1.18960038e+02]
 [ 2.44208346e+02  2.45916939e+02  1.22959970e+02]
 [ 4.46037315e+01  6.82524069e+01  6.83360921e+01]
 [ 4.31701313e+01  6.59626250e+01  6.60751578e+01]
 [ 2.90267377e+01  4.41105745e+01  4.42654592e+01]
 [ 1.20665143e+01  1.78655891e+01  1.80846611e+01]
 [ 4.83651762e+00  6.45180417e+00  6.77233608e+00]
 [ 2.34826951e+00  2.12016326e+00  2.60804395e+00]
 [ 1.52672391e+00 -2.97623218e-02  7.49586905e-01]
 [ 1.44428914e+00 -1.81118733e+00 -4.88742082e-01]
 [ 1.97141330e+00 -4.35528171e+00 -1.93217588e+00]
 [ 3.53951757e+00 -9.49135588e+00 -4.59219197e+00]
 [ 7.75966408e+00 -2.21806349e+01 -1.09896875e+01]
 [ 1.97113215e+01 -5.74323271e+01 -2.86475435e+01]
 [ 4.80095842e+01 -1.40573346e+02 -7.02379432e+01]
 [ 7.16318677e+01 -2.09956717e+02 -1.04942882e+02]
 [ 7.40277295e+01 -2.17038991e+02 -1.08493120e+02]
 [ 4.05303426e-01  1.60609963e+00  1.58560030e+00]
 [ 3.37701571e-01  1.56917357e+00  1.54160780e+00]
 [ 8.99744702e-02  1.09199478e+00  1.05405460e+00]
 [-2.30280328e-01  5.26024254e-01  4.72360883e-01]
 [-4.95027100e-01  3.19282689e-01  2.40765947e-01]
 [-8.15311820e-01  3.09839416e-01  1.90329313e-01]
 [-1.32982865e+00  4.16789473e-01  2.25881927e-01]
 [-2.27066931e+00  6.66957070e-01  3.43014006e-01]
 [-4.16885363e+00  1.19834657e+00  6.04788292e-01]
 [-8.43431497e+00  2.40719721e+00  1.20710959e+00]
 [-1.92701541e+01  5.48721990e+00  2.74591186e+00]
 [-4.95687614e+01  1.41052445e+01  7.05419195e+00]
 [-1.21122807e+02  3.44606177e+01  1.72314236e+01]
 [-1.80842252e+02  5.14495052e+01  2.57255642e+01]
 [-1.86924867e+02  5.31794872e+01  2.65903469e+01]
 [ 5.37327085e-01  9.94476386e-01  1.00586934e+00]
 [ 5.40588703e-01  9.53435163e-01  9.68755445e-01]
 [ 4.15055622e-01  6.18267582e-01  6.39353668e-01]
 [ 2.73245360e-01  2.12489917e-01  2.42314516e-01]
 [ 2.61032504e-01  1.81816425e-02  6.18190489e-02]
 [ 3.43045844e-01 -8.68106632e-02 -2.03902946e-02]
 [ 5.23907384e-01 -1.89469981e-01 -8.33689122e-02]
 [ 8.76587178e-01 -3.47681507e-01 -1.67643022e-01]
 [ 1.59885722e+00 -6.52467020e-01 -3.22583948e-01]
 [ 3.22782207e+00 -1.32938615e+00 -6.62411051e-01]
 [ 7.36965017e+00 -3.04409218e+00 -1.52054993e+00]
 [ 1.89531566e+01 -7.83551473e+00 -3.91673713e+00]
 [ 4.63102195e+01 -1.91495584e+01 -9.57405469e+00]
 [ 6.91426595e+01 -2.85922375e+01 -1.42955913e+01]
 [ 7.14680589e+01 -2.95542150e+01 -1.47767154e+01]
 [ 1.73698423e-01  9.81970851e-02  1.07592469e-01]
 [ 2.09692079e-01  8.79030748e-02  1.00537192e-01]
 [ 2.45430398e-01  4.11743575e-02  5.85633372e-02]
 [ 3.05952940e-01 -1.78939522e-02  6.70138258e-03]
 [ 4.29437677e-01 -5.98448047e-02 -2.38585168e-02]
 [ 6.46522713e-01 -1.04255667e-01 -4.94810433e-02]
 [ 1.02960625e+00 -1.72381641e-01 -8.48836917e-02]
 [ 1.74546721e+00 -2.95517743e-01 -1.47046116e-01]
 [ 3.19724661e+00 -5.43247326e-01 -2.71203954e-01]
 [ 6.46372857e+00 -1.09953857e+00 -5.49506845e-01]
 [ 1.47643521e+01 -2.51248304e+00 -1.25606946e+00]
 [ 3.79757607e+01 -6.46313108e+00 -3.23144821e+00]
 [ 9.27932666e+01 -1.57930191e+01 -7.89642624e+00]
 [ 1.38544340e+02 -2.35797964e+01 -1.17898375e+01]
 [ 1.43204122e+02 -2.43729145e+01 -1.21864122e+01]
 [ 6.59946929e-02  7.80586288e-02  8.51678172e-02]
 [ 6.92794223e-02  7.01469440e-02  7.97067793e-02]
 [ 6.01612866e-02  3.35938542e-02  4.67515431e-02]
 [ 5.15241953e-02 -1.25349732e-02  6.07553582e-03]
 [ 6.05434058e-02 -4.48932897e-02 -1.76636081e-02]
 [ 8.63475628e-02 -7.87169977e-02 -3.72707790e-02]
 [ 1.35357266e-01 -1.30351782e-01 -6.41448615e-02]
 [ 2.28354667e-01 -2.23563127e-01 -1.11219361e-01]
 [ 4.17630854e-01 -4.11031056e-01 -2.05184472e-01]
 [ 8.43871306e-01 -8.31969076e-01 -4.15777533e-01]
 [ 1.92724166e+00 -1.90110511e+00 -9.50416835e-01]
 [ 4.95686579e+00 -4.89043858e+00 -2.44512674e+00]
 [ 1.21118851e+01 -1.19500709e+01 -5.97496971e+00]
 [ 1.80835184e+01 -1.78420795e+01 -8.92099188e+00]
 [ 1.86917240e+01 -1.84422078e+01 -9.22106833e+00]]])

Training completed successfully.
By AP_Lab
Test_Function and save to .csv ...
Value Error: operands could not be broadcast together with shapes (9,) (225,) 
Starting training...
Epoch: 2 Membership: 3 Step_size: 0.1 Decrease: 0.9 Increase: 0.1
0. RMSE error: 0.28268673431080893
1. RMSE error: 0.2317152844829532
Total RMSE error myanfis: 31.19


Input 1 Membership Functions:

  MF1: gbellmf(x, [0.13762059749029584, 1.9996725052491637, 0.3609353943730555])

  MF2: gbellmf(x, [-0.04928797839780266, 1.999916994590041, 0.4581025207897654])

  MF3: gbellmf(x, [0.08504200127763224, 1.9994828548052297, 0.7307136990313584])



Input 2 Membership Functions:

  MF1: gbellmf(x, [0.16664364486620942, 2.0000034374397253, 0.9999961630882147])

  MF2: gbellmf(x, [0.16626053931928783, 2.0000371797297523, 1.4998989977775308])

  MF3: gbellmf(x, [0.16666328889137244, 2.0000005043466187, 2.0000005629622346])



MF RULE OUTPUT
  [[ 3.40985585e+00  1.69756461e+00  1.75363110e+00]
 [ 7.90448908e+00 -1.74814648e+00 -8.63061258e-01]
 [ 6.46563522e+02 -1.45444696e+02 -7.27216502e+01]
 [-6.82057032e+01  1.83759510e+01  1.83245930e+01]
 [-5.23796975e-01  1.84389657e+00  1.03314066e+00]
 [ 2.51310455e+01  1.33245638e+02  6.66298631e+01]
 [ 1.44701395e+01 -2.88645938e+00 -2.88717451e+00]
 [ 1.70944542e-01 -1.25671590e-02 -2.38563470e-02]
 [-4.12866851e-01  1.85292632e+00  9.25349954e-01]]])

Plots generated successfully.
##################################################
Training completed successfully.
By AP_Lab
Test_Function and save to .csv ...
✅ Done! Output saved to ANFIS_Results\ANFIS_results_2025-08-10_15-34-22.csv
Starting training...
Epoch: 10 Membership: 3 Step_size: 0.1 Decrease: 0.9 Increase: 0.1
0. RMSE error: 0.28268673431080893
1. RMSE error: 0.2317152844829532
2. RMSE error: 0.2944653949449575
3. RMSE error: 0.2553472263677018
4. RMSE error: 0.2852766017907251
5. RMSE error: 0.2733883008933971
6. RMSE error: 0.27306746046816527
7. RMSE error: 0.27186854270298255
8. RMSE error: 0.28485117363947104
9. RMSE error: 0.2877374094886891
Total RMSE error myanfis: 6.87


Input 1 Membership Functions:

  MF1: gbellmf(x, [0.08788813451142977, 1.9997662573728623, 0.3167370091656291])

  MF2: gbellmf(x, [-0.22401839361988435, 2.013955011995355, 0.3952719429324527])

  MF3: gbellmf(x, [0.1857713358433333, 1.9969454721156652, 0.6583445878510575])



Input 2 Membership Functions:

  MF1: gbellmf(x, [0.16659924382941046, 2.0000100664072167, 0.9999887647381641])

  MF2: gbellmf(x, [0.1643369575750096, 2.0002131476701965, 1.4999910823575742])

  MF3: gbellmf(x, [0.16660051193997055, 2.0000098771927624, 2.000011024253203])



MF RULE OUTPUT
  [[ 1.47118373e+02 -2.06440452e+01 -2.06154030e+01]
 [ 5.01406660e+00 -1.10030401e+00 -6.69324911e-01]
 [ 2.86155788e+02 -7.44293611e+01 -3.72226031e+01]
 [-1.39695869e+02  2.42734061e+01  2.42428994e+01]
 [-5.62613361e+00  1.19838967e+00  7.39355848e-01]
 [-3.46455489e+02  7.92761242e+01  3.96473799e+01]
 [ 1.07941567e+01 -2.07281878e+00 -2.07787932e+00]
 [-2.20867904e-01  1.28176130e-01  5.20303158e-02]
 [-2.98711785e+01  1.31458505e+01  6.57212367e+00]]])

Plots generated successfully.
##################################################
Training completed successfully.
By AP_Lab
Test_Function and save to .csv ...
✅ Done! Output saved to ANFIS_Results\ANFIS_results_2025-08-10_15-35-21.csv
Starting training...
Epoch: 100 Membership: 3 Step_size: 0.1 Decrease: 0.9 Increase: 0.1
0. RMSE error: 0.28268673431080893
1. RMSE error: 0.2317152844829532
2. RMSE error: 0.2944653949449575
3. RMSE error: 0.2553472263677018
4. RMSE error: 0.2852766017907251
5. RMSE error: 0.2733883008933971
6. RMSE error: 0.27306746046816527
7. RMSE error: 0.27186854270298255
8. RMSE error: 0.28485117363947104
9. RMSE error: 0.2877374094886891
10. RMSE error: 0.28185812743661476
11. RMSE error: 0.26799997621411586
12. RMSE error: 0.2680919375855887
13. RMSE error: 0.2686591702113565
14. RMSE error: 0.29613707320558064
15. RMSE error: 0.25835291650678005
16. RMSE error: 0.2971486303381797
17. RMSE error: 0.2936758052530287
18. RMSE error: 0.26534466514047955
19. RMSE error: 0.27766534982659025
20. RMSE error: 0.2693056957103803
21. RMSE error: 0.2882818957439632
22. RMSE error: 0.25543368888979257
23. RMSE error: 0.2772937312805957
24. RMSE error: 0.25258967288843176
25. RMSE error: 0.2886688598918075
26. RMSE error: 0.2616117470660978
27. RMSE error: 0.252961256960887
28. RMSE error: 0.24614956346391167
29. RMSE error: 0.2563990193053232
30. RMSE error: 0.2918269706765073
31. RMSE error: 0.22631744762841838
32. RMSE error: 0.2877488621929241
33. RMSE error: 0.2991478636972017
34. RMSE error: 0.2634425187226714
35. RMSE error: 0.25845864333891966
36. RMSE error: 0.23892668120167457
37. RMSE error: 0.23401893499306445
38. RMSE error: 0.2795162174651073
39. RMSE error: 0.22238422016683165
40. RMSE error: 0.27089516539805314
41. RMSE error: 0.21952809988663985
42. RMSE error: 0.2559733950535229
43. RMSE error: 0.2754186920319745
44. RMSE error: 0.27506113641133617
45. RMSE error: 0.26282095294925134
46. RMSE error: 0.24920304536904064
47. RMSE error: 0.266092406029653
48. RMSE error: 0.21514665460375018
49. RMSE error: 0.2756976974341376
50. RMSE error: 0.26201405435133146
51. RMSE error: 0.27027058586837277
52. RMSE error: 0.2600593087891105
53. RMSE error: 0.23440831100727066
54. RMSE error: 0.2941960288636668
55. RMSE error: 0.27703205382009577
56. RMSE error: 0.2384862213228348
57. RMSE error: 0.28024938231038465
58. RMSE error: 0.2727294445728614
59. RMSE error: 0.25050078119873304
60. RMSE error: 0.2725593942259269
61. RMSE error: 0.2577366680409321
62. RMSE error: 0.18781603678984413
63. RMSE error: 0.2888688194500901
64. RMSE error: 0.2885585059575839
65. RMSE error: 0.28933301158317265
66. RMSE error: 0.28787603998360317
67. RMSE error: 0.2654026635309573
68. RMSE error: 0.25340281918265306
69. RMSE error: 0.25002344456173686
70. RMSE error: 0.2570869054521095
71. RMSE error: 0.28193704410472126
72. RMSE error: 0.2789553619018794
73. RMSE error: 0.2546456358828021
74. RMSE error: 0.22440973484057494
75. RMSE error: 0.2469671421067894
76. RMSE error: 0.26897610575392933
77. RMSE error: 0.30644585241051037
78. RMSE error: 0.2673154476192441
79. RMSE error: 0.25962439428136536
80. RMSE error: 0.26083062166566295
81. RMSE error: 0.29359754986987846
82. RMSE error: 0.26383770262820194
83. RMSE error: 0.23513090179803914
84. RMSE error: 0.28176052968956755
85. RMSE error: 0.278306583109291
86. RMSE error: 0.2877261864732843
87. RMSE error: 0.2821592544277356
88. RMSE error: 0.2838586940227641
89. RMSE error: 0.26857855509546125
90. RMSE error: 0.2773828072072183
91. RMSE error: 0.26001118749079405
92. RMSE error: 0.24048729029882945
93. RMSE error: 0.24872224537245713
94. RMSE error: 0.25658108414533826
95. RMSE error: 0.25399806363641175
96. RMSE error: 0.24356453316506807
97. RMSE error: 0.3031033630863664
98. RMSE error: 0.26214516467675475
99. RMSE error: 0.2786498717577804
Total RMSE error myanfis: 6.10


Input 1 Membership Functions:

  MF1: gbellmf(x, [0.05201763580046008, 2.0311774278096313, 0.5616357952894299])

  MF2: gbellmf(x, [0.22427978814191665, 2.005496753516056, 0.33771932703767626])

  MF3: gbellmf(x, [-0.18352957902928935, 2.032976794682777, 0.43956057366048984])



Input 2 Membership Functions:

  MF1: gbellmf(x, [0.16577581228849236, 2.00013286985814, 0.9998519064345418])

  MF2: gbellmf(x, [0.14273105244537101, 2.002169471555329, 1.500424697732522])

  MF3: gbellmf(x, [0.16565475971314772, 2.000150894899533, 2.000168139536164])



MF RULE OUTPUT
  [[ 3.70435357e+02 -1.02372645e+02 -1.02375623e+02]
 [ 2.26740783e+00 -6.18792266e-01 -6.44843210e-01]
 [-2.40112584e+01  7.82274479e+00  3.87289345e+00]
 [ 2.21513728e+02 -2.55834304e+01 -2.55849781e+01]
 [ 1.19241256e+00 -1.40589924e-01 -1.54130111e-01]
 [-3.91602358e+01  4.08670046e+00  2.03373355e+00]
 [ 1.34704971e+02 -4.02261076e+01 -4.02245749e+01]
 [ 1.06536707e+00 -2.90402720e-01 -2.76993569e-01]
 [ 2.78133113e+01 -4.09643398e+00 -2.06333480e+00]]])

Plots generated successfully.
##################################################
Training completed successfully.
By AP_Lab
Test_Function and save to .csv ...
✅ Done! Output saved to ANFIS_Results\ANFIS_results_2025-08-10_15-35-58.csv
