File loaded: C:/Users/AP_Lab/Downloads/Real_8_10_68.csv
Test file loaded: C:/Users/AP_Lab/Downloads/Real_8_10_68.csv
Starting training...
Epoch: 20 Membership: 3 Step_size: 0.1 Decrease: 0.9 Increase: 0.1
0. RMSE error: 0.28268673431080893
1. RMSE error: 0.2317152844829532
2. RMSE error: 0.2944653949449575
3. RMSE error: 0.2553472263677018
4. RMSE error: 0.2852766017907251
5. RMSE error: 0.2733883008933971
6. RMSE error: 0.27306746046816527
7. RMSE error: 0.27186854270298255
8. RMSE error: 0.28485117363947104
9. RMSE error: 0.2877374094886891
10. RMSE error: 0.28185812743661476
11. RMSE error: 0.26799997621411586
12. RMSE error: 0.2680919375855887
13. RMSE error: 0.2686591702113565
14. RMSE error: 0.29613707320558064
15. RMSE error: 0.25835291650678005
16. RMSE error: 0.2971486303381797
17. RMSE error: 0.2936758052530287
18. RMSE error: 0.26534466514047955
19. RMSE error: 0.27766534982659025
Total RMSE error myanfis: 23.97


Input 1 Membership Functions:

  MF1: gbellmf(x, [-0.09778765185545346, 2.0025724552850415, 0.519286029274357])

  MF2: gbellmf(x, [-0.16338625563926085, 2.0169782869868524, 0.4179689038682445])

  MF3: gbellmf(x, [0.19454944475655153, 1.9972696999171897, 0.6853611386954157])



Input 2 Membership Functions:

  MF1: gbellmf(x, [0.16648973979692774, 2.000026412008704, 0.9999705266234034])

  MF2: gbellmf(x, [0.16014589261494117, 2.000595806951086, 1.5001462476517216])

  MF3: gbellmf(x, [0.16645902673059182, 2.0000309960301568, 2.0000345873944876])



MF RULE OUTPUT
  [[ 2.95704187e+01  5.61971290e+01  5.61885345e+01]
 [-6.35431741e-01  8.17065557e-01  7.00441805e-01]
 [-9.05552374e+01  2.24365717e+01  1.12398309e+01]
 [-1.40088277e+01  2.66433972e+00  2.67599973e+00]
 [ 1.49640477e+00 -2.88512851e-01 -1.30291438e-01]
 [ 1.57752519e+02 -3.03787852e+01 -1.51883619e+01]
 [-2.09173639e+02  5.76901798e+01  5.76927946e+01]
 [-1.89969484e+00  5.28603302e-01  5.64085004e-01]
 [ 2.61679571e+01 -6.76875814e+00 -3.36225289e+00]]])

Training completed successfully.
By AP_Lab
Test_Function and save to .csv ...
✅ Done! Output saved to ANFIS_Results\ANFIS_results_2025-08-10_15-36-53.csv
Plots generated successfully.
##################################################
Starting training...
Epoch: 20 Membership: 3 Step_size: 0.1 Decrease: 0.9 Increase: 0.1
0. RMSE error: nan
1. RMSE error: nan
2. RMSE error: nan
3. RMSE error: nan
4. RMSE error: nan
5. RMSE error: nan
6. RMSE error: nan
7. RMSE error: nan
8. RMSE error: nan
9. RMSE error: nan
10. RMSE error: nan
11. RMSE error: nan
12. RMSE error: nan
13. RMSE error: nan
14. RMSE error: nan
15. RMSE error: nan
16. RMSE error: nan
17. RMSE error: nan
18. RMSE error: nan
19. RMSE error: nan
Unexpected error: cannot access local variable 'bestnet' where it is not associated with a value
Starting training...
Epoch: 20 Membership: 3 Step_size: 0.1 Decrease: 0.9 Increase: 0.1
0. RMSE error: nan
1. RMSE error: nan
2. RMSE error: nan
3. RMSE error: nan
4. RMSE error: nan
5. RMSE error: nan
6. RMSE error: nan
7. RMSE error: nan
8. RMSE error: nan
9. RMSE error: nan
10. RMSE error: nan
11. RMSE error: nan
12. RMSE error: nan
13. RMSE error: nan
14. RMSE error: nan
15. RMSE error: nan
16. RMSE error: nan
17. RMSE error: nan
18. RMSE error: nan
19. RMSE error: nan
Unexpected error: cannot access local variable 'bestnet' where it is not associated with a value
Starting training...
Epoch: 20 Membership: 3 Step_size: 0.1 Decrease: 0.9 Increase: 0.1
0. RMSE error: 0.4104319204397044
1. RMSE error: 0.23216666784533327
2. RMSE error: 0.27092882521283224
3. RMSE error: 0.2694358143187991
4. RMSE error: 0.24455571248538774
5. RMSE error: 0.24931181969501817
6. RMSE error: 0.2463063125002299
7. RMSE error: 0.25626183280242165
8. RMSE error: 0.2392399829936023
9. RMSE error: 0.2659041932335032
10. RMSE error: 0.24183613484573446
11. RMSE error: 0.23692165233789858
12. RMSE error: 0.2362669131284601
13. RMSE error: 0.23311106478917126
14. RMSE error: 0.25354541191196417
15. RMSE error: 0.25457502562076106
16. RMSE error: 0.22905938350389818
17. RMSE error: 0.24729703211890577
18. RMSE error: 0.23489756276552914
19. RMSE error: 0.2377512157203571
Total RMSE error myanfis: 97.10


Input 1 Membership Functions:

  MF1: gbellmf(x, [0.03387842703969774, 2.0087145225529084, 0.4128215140818749])

  MF2: gbellmf(x, [0.11782870901315931, 2.002824939356016, 0.6022229363264289])

  MF3: gbellmf(x, [0.14014470238736595, 2.0055492030093616, 0.6989625946366407])



Input 2 Membership Functions:

  MF1: gbellmf(x, [20.335747595884456, 1.9863470148677471, 1.001092819628659])

  MF2: gbellmf(x, [20.32852565660824, 2.01942880087243, 61.99986717286023])

  MF3: gbellmf(x, [20.336482774444068, 1.9670374950832499, 122.99884266617467])



MF RULE OUTPUT
  [[ 7.26565584e+00 -3.85431984e-03  1.51891032e+00]
 [-3.76620076e+01 -9.79681860e-02  2.69070627e+01]
 [-6.54785203e+01 -8.16759284e+00 -2.11219236e+02]
 [-1.20878351e+00  6.21822899e+01 -4.20380511e+00]
 [ 4.49000000e+01 -2.54634343e+00  1.67182637e+02]
 [-7.62791446e+00  1.77318985e-01 -1.01741797e+01]
 [ 2.24100805e+00 -2.33535403e+00  1.51933622e+01]
 [-9.33016567e+00 -6.65091647e-01  6.57276406e+01]
 [ 1.30969303e+01 -6.11725619e-01  8.28303100e+01]]])

Training completed successfully.
By AP_Lab
Test_Function and save to .csv ...
✅ Done! Output saved to ANFIS_Results\ANFIS_results_2025-08-10_15-38-33.csv
Plots generated successfully.
##################################################
File loaded: C:/Users/AP_Lab/Downloads/Real_8_10_68.csv
Starting training...
Epoch: 20 Membership: 3 Step_size: 0.1 Decrease: 0.9 Increase: 0.1
0. RMSE error: 1.8228225729713742e-05
1. RMSE error: 3.104014655238128e-06
2. RMSE error: 2.3274176409474483e-05
3. RMSE error: 7.7818857559277e-06
4. RMSE error: 5.98939159970414e-06
5. RMSE error: 3.888139228364601e-06
6. RMSE error: 1.2473444455923213e-06
7. RMSE error: 7.349762550851863e-06
8. RMSE error: 8.089234822985807e-06
9. RMSE error: 2.8823453116798626e-06
10. RMSE error: 3.9058417247469595e-06
11. RMSE error: 5.808319123785332e-06
12. RMSE error: 4.104438444927828e-06
13. RMSE error: 6.931903991707181e-06
14. RMSE error: 4.5779100909217826e-06
15. RMSE error: 7.811683541629962e-06
16. RMSE error: 5.224341462012859e-06
17. RMSE error: 8.23461716541962e-06
18. RMSE error: 5.863158961025783e-06
19. RMSE error: 7.900204460272098e-06
Total RMSE error myanfis: 0.50


Input 1 Membership Functions:

  MF1: gbellmf(x, [0.26249904296486787, 2.002950203607452, 0.5102565823720675])

  MF2: gbellmf(x, [0.3304433237458219, 1.939286748770186, 0.9341908878612506])

  MF3: gbellmf(x, [-0.00014577452319697963, 2.007536781185356, 0.8590191731974939])



Input 2 Membership Functions:

  MF1: gbellmf(x, [0.31637671423107305, 2.0050067702451977, 2.497241123386737])

  MF2: gbellmf(x, [0.05753855755400434, 2.04329928622459, 3.4903793412986746])

  MF3: gbellmf(x, [0.3391050846063515, 1.9982700189016656, 4.499030300311696])



MF RULE OUTPUT
  [[ 2.15683038e-01  8.44181793e-01  3.37568946e-01]
 [ 1.96967934e-06  1.57611246e-05  4.87366388e-06]
 [-9.23807658e-05  9.52969857e-01  2.11895737e-01]
 [ 5.04598263e-02  8.20880292e-01  3.28248344e-01]
 [ 4.61222595e-07  1.55482657e-05  4.78848742e-06]
 [ 2.68118366e-05  9.52972390e-01  2.11892856e-01]
 [-7.61100163e-14 -2.83552943e-13 -1.13367580e-13]
 [-1.18405164e-18 -6.74662857e-18 -1.95965021e-18]
 [-5.78639840e-14 -4.92082387e-13 -1.09393497e-13]]])

Training completed successfully.
By AP_Lab
Test_Function and save to .csv ...
✅ Done! Output saved to ANFIS_Results\ANFIS_results_2025-08-10_15-39-13.csv
Plots generated successfully.
##################################################
Starting training...
Epoch: 20 Membership: 3 Step_size: 0.1 Decrease: 0.9 Increase: 0.1
0. RMSE error: 0.48743853611511295
1. RMSE error: 0.2476393381515206
2. RMSE error: 0.24170823983068548
3. RMSE error: 0.2851047239929767
4. RMSE error: 0.2322622582492391
5. RMSE error: 0.23625935872442327
6. RMSE error: 0.2298625976008662
7. RMSE error: 0.23741113083079712
8. RMSE error: 0.2642546242504865
9. RMSE error: 0.23679880424280225
10. RMSE error: 0.25386736342500194
11. RMSE error: 0.2331665316142275
12. RMSE error: 0.22943395320345128
13. RMSE error: 0.22111504290174752
14. RMSE error: 0.2237728475259304
15. RMSE error: 0.2197711156899318
16. RMSE error: 0.2266643462769024
17. RMSE error: 0.14364777416959087
18. RMSE error: 0.18414964806240436
19. RMSE error: 0.23923924013645226
Total RMSE error myanfis: 15.18


Input 1 Membership Functions:

  MF1: gbellmf(x, [0.026854370864197792, 2.008978512628462, 0.33990744808407136])

  MF2: gbellmf(x, [0.014339148501315568, 2.0086207551375725, 0.3827789045458742])

  MF3: gbellmf(x, [0.14782096606694758, 2.0028448112368458, 0.6548773199909472])



Input 2 Membership Functions:

  MF1: gbellmf(x, [0.197162720426448, 1.9975647933851093, 0.3720110927885753])

  MF2: gbellmf(x, [0.007659019901761821, 1.999103796539991, 0.5671023002819714])

  MF3: gbellmf(x, [0.13963621666070003, 1.9985416020824442, 0.690785487185011])



MF RULE OUTPUT
  [[-4.29681796e+00 -4.29681796e+00  7.49442036e+00]
 [ 4.06756562e+01  4.06756562e+01 -5.46712635e+01]
 [ 8.96404979e+00  8.96404979e+00  4.60306096e+01]
 [ 1.04273310e+00  1.04273310e+00  3.78506755e+00]
 [ 1.46681780e-01  1.46681780e-01  2.68865566e-01]
 [ 1.65526276e+00  1.65526276e+00  3.25146914e+00]
 [ 1.85640660e+02  1.85640660e+02 -2.00238458e+02]
 [-4.26703692e+01 -4.26703692e+01  5.39197261e+01]
 [ 1.45332003e+01  1.45332003e+01 -2.24920662e+01]]])

Training completed successfully.
By AP_Lab
Test_Function and save to .csv ...
✅ Done! Output saved to ANFIS_Results\ANFIS_results_2025-08-10_15-46-37.csv
Plots generated successfully.
##################################################
Starting training...
Epoch: 20 Membership: 3 Step_size: 0.1 Decrease: 0.9 Increase: 0.1
0. RMSE error: 2.4297256051887658e-05
1. RMSE error: 1.0471303450418593e-05
2. RMSE error: 9.393021625867214e-06
3. RMSE error: 1.7384765300029564e-05
4. RMSE error: 2.020323313776678e-05
5. RMSE error: 3.656189451044147e-06
6. RMSE error: 8.743397336568787e-06
7. RMSE error: 0.0001269585746124413
8. RMSE error: 3.758814918201111e-05
9. RMSE error: 1.2658854604337756e-05
10. RMSE error: 8.340473343798407e-06
11. RMSE error: 8.844001331512685e-06
12. RMSE error: 2.826016619339551e-06
13. RMSE error: 2.8921000581378582e-06
14. RMSE error: 2.5756805436977464e-06
15. RMSE error: 7.541022199626364e-06
16. RMSE error: 3.0065385404614834e-06
17. RMSE error: 8.921282815063499e-06
18. RMSE error: 3.181650786650767e-06
19. RMSE error: 3.365587584488011e-06
Total RMSE error myanfis: 0.50


Input 1 Membership Functions:

  MF1: gbellmf(x, [0.2217725136219322, 1.9963383153824477, 0.40132792496129654])

  MF2: gbellmf(x, [0.21315591052297908, 1.98931317574992, 0.6819028390586219])

  MF3: gbellmf(x, [-0.0015942889884294357, 2.0088456484164547, 0.9393623801394293])



Input 2 Membership Functions:

  MF1: gbellmf(x, [0.6631834351982373, 1.9213260128741347, 1.2062079315584378])

  MF2: gbellmf(x, [0.015105188568691095, 2.0124759944117714, 1.5296429490698924])

  MF3: gbellmf(x, [-0.1890065092198004, 2.0084688942527547, 2.1247641816602414])



MF RULE OUTPUT
  [[ 2.42789679e-04  2.28406696e+00  2.22060072e+00]
 [ 1.69305056e-07  1.99958435e-06  1.67379056e-06]
 [ 1.83984857e-01  6.25523036e-01  3.14215907e-01]
 [ 3.73105835e-04  2.28281965e+00  2.22158812e+00]
 [ 1.28587619e-07  1.97865477e-06  1.66433252e-06]
 [ 1.39608957e-01  6.03604476e-01  3.03258799e-01]
 [-5.22585652e-08 -6.91888463e-08 -6.91907834e-08]
 [-3.26579647e-14 -4.32187535e-14 -4.32286973e-14]
 [-7.21039160e-11 -7.42993606e-11 -8.38009765e-11]]])

Training completed successfully.
By AP_Lab
Test_Function and save to .csv ...
✅ Done! Output saved to ANFIS_Results\ANFIS_results_2025-08-10_15-48-04.csv
Plots generated successfully.
##################################################
Starting training...
Epoch: 20 Membership: 3 Step_size: 1.0 Decrease: 1.0 Increase: 1.0
0. RMSE error: 2.4297256051887658e-05
1. RMSE error: 4.982290686239908e-05
2. RMSE error: 3.236861228170771e-05
3. RMSE error: 1.352927410325811e-05
4. RMSE error: 3.463500256068313e-05
5. RMSE error: 7.040727890345805e-05
6. RMSE error: 5.2161233914975725e-05
7. RMSE error: 1.2491282545306248e-05
8. RMSE error: 2.340973317972953e-05
9. RMSE error: 2.9597890329480667e-05
10. RMSE error: 2.7581845012232156e-05
11. RMSE error: 0.00019435404346000167
12. RMSE error: 0.00021923714737752306
13. RMSE error: 7.417857851762846e-05
14. RMSE error: 3.3593104825413626e-07
15. RMSE error: 3.4799180247406015e-07
16. RMSE error: 1.7641433010735085e-06
17. RMSE error: 3.3155195294539683e-07
18. RMSE error: 1.3338267772195706e-07
19. RMSE error: 5.074447664496309e-06
Total RMSE error myanfis: 1.38


Input 1 Membership Functions:

  MF1: gbellmf(x, [1.7117381385030375, 2.325668795728554, 0.8073831304318847])

  MF2: gbellmf(x, [-0.035096166398639925, 1.992306786758273, 2.1458068656995994])

  MF3: gbellmf(x, [0.0001272204350353635, 1.3519365485438641, 3.037004064026018])



Input 2 Membership Functions:

  MF1: gbellmf(x, [0.9476689759615626, 1.988071905762717, 0.4723866089825509])

  MF2: gbellmf(x, [1.4679756942409847, 2.2608877764628357, 3.033277467312346])

  MF3: gbellmf(x, [0.3705566119422432, 2.129238620737247, 3.2221165371289664])



MF RULE OUTPUT
  [[ 3.40326585e-05 -1.80162036e+00  6.31026773e+00]
 [-1.89106414e-02 -7.19919507e-01 -3.49554866e-01]
 [-1.67333087e-03 -6.37135248e-02 -3.08937532e-02]
 [-9.52818622e-07 -1.31662944e-07 -3.59633303e-07]
 [ 4.12938394e-08  1.99690395e-08  9.56059220e-09]
 [ 3.64834364e-09  1.76621201e-09  8.43870000e-10]
 [-3.93041612e-12 -2.80977392e-12  7.10352431e-12]
 [ 1.66955585e-13 -8.80669693e-13 -4.28058033e-13]
 [ 1.47502009e-14 -7.79436169e-14 -3.78355458e-14]]])

Training completed successfully.
By AP_Lab
Test_Function and save to .csv ...
✅ Done! Output saved to ANFIS_Results\ANFIS_results_2025-08-10_15-48-45.csv
Plots generated successfully.
##################################################
Starting training...
Epoch: 20 Membership: 3 Step_size: 1e-17 Decrease: 9e-16 Increase: 1e-17
0. RMSE error: 2.4297256051887658e-05
1. RMSE error: 2.4297256051887658e-05
2. RMSE error: 2.4297256051887658e-05
3. RMSE error: 2.4297256051887658e-05
4. RMSE error: 2.4297256051887658e-05
5. RMSE error: 2.4297256051887658e-05
6. RMSE error: 2.4297256051887658e-05
7. RMSE error: 2.4297256051887658e-05
8. RMSE error: 2.4297256051887658e-05
9. RMSE error: 2.4297256051887658e-05
10. RMSE error: 2.4297256051887658e-05
11. RMSE error: 2.4297256051887658e-05
12. RMSE error: 2.4297256051887658e-05
13. RMSE error: 2.4297256051887658e-05
14. RMSE error: 2.4297256051887658e-05
15. RMSE error: 2.4297256051887658e-05
16. RMSE error: 2.4297256051887658e-05
17. RMSE error: 2.4297256051887658e-05
18. RMSE error: 2.4297256051887658e-05
19. RMSE error: 2.4297256051887658e-05
Total RMSE error myanfis: 0.50


Input 1 Membership Functions:

  MF1: gbellmf(x, [0.07001666666666667, 2.0, 0.3125])

  MF2: gbellmf(x, [0.07001666666666667, 2.0, 0.5225500000000001])

  MF3: gbellmf(x, [0.07001666666666667, 2.0, 0.7326])



Input 2 Membership Functions:

  MF1: gbellmf(x, [0.16666666666666666, 2.0, 1.0])

  MF2: gbellmf(x, [0.16666666666666666, 2.0, 1.5])

  MF3: gbellmf(x, [0.16666666666666666, 2.0, 2.0])



MF RULE OUTPUT
  [[-1.35899332e-04  2.27831247e+00  2.27791803e+00]
 [ 2.76483772e-03  4.02524071e-02  3.40135426e-02]
 [ 2.27027393e-01  1.02492978e+00  5.13342888e-01]
 [-6.01425502e-05  2.27833335e+00  2.27795296e+00]
 [ 1.30261159e-03  3.98085037e-02  3.37918895e-02]
 [ 1.06956647e-01  9.88480755e-01  4.95118393e-01]
 [-1.21781024e-04  2.27838707e+00  2.27806945e+00]
 [ 3.02793877e-03  3.78251337e-02  3.28012975e-02]
 [ 2.48604195e-01  8.25665302e-01  4.13710736e-01]]])

Training completed successfully.
By AP_Lab
Test_Function and save to .csv ...
✅ Done! Output saved to ANFIS_Results\ANFIS_results_2025-08-10_15-49-27.csv
Starting training...
Epoch: 1000 Membership: 3 Step_size: 1e-17 Decrease: 9e-16 Increase: 1e-17
0. RMSE error: 2.4297256051887658e-05
1. RMSE error: 2.4297256051887658e-05
2. RMSE error: 2.4297256051887658e-05
3. RMSE error: 2.4297256051887658e-05
4. RMSE error: 2.4297256051887658e-05
5. RMSE error: 2.4297256051887658e-05
6. RMSE error: 2.4297256051887658e-05
7. RMSE error: 2.4297256051887658e-05
8. RMSE error: 2.4297256051887658e-05
9. RMSE error: 2.4297256051887658e-05
10. RMSE error: 2.4297256051887658e-05
11. RMSE error: 2.4297256051887658e-05
12. RMSE error: 2.4297256051887658e-05
13. RMSE error: 2.4297256051887658e-05
14. RMSE error: 2.4297256051887658e-05
15. RMSE error: 2.4297256051887658e-05
16. RMSE error: 2.4297256051887658e-05
17. RMSE error: 2.4297256051887658e-05
18. RMSE error: 2.4297256051887658e-05
19. RMSE error: 2.4297256051887658e-05
20. RMSE error: 2.4297256051887658e-05
21. RMSE error: 2.4297256051887658e-05
22. RMSE error: 2.4297256051887658e-05
23. RMSE error: 2.4297256051887658e-05
24. RMSE error: 2.4297256051887658e-05
25. RMSE error: 2.4297256051887658e-05
26. RMSE error: 2.4297256051887658e-05
27. RMSE error: 2.4297256051887658e-05
28. RMSE error: 2.4297256051887658e-05
29. RMSE error: 2.4297256051887658e-05
30. RMSE error: 2.4297256051887658e-05
31. RMSE error: 2.4297256051887658e-05
32. RMSE error: 2.4297256051887658e-05
33. RMSE error: 2.4297256051887658e-05
34. RMSE error: 2.4297256051887658e-05
35. RMSE error: 2.4297256051887658e-05
36. RMSE error: 2.4297256051887658e-05
37. RMSE error: 2.4297256051887658e-05
38. RMSE error: 2.4297256051887658e-05
39. RMSE error: 2.4297256051887658e-05
40. RMSE error: 2.4297256051887658e-05
41. RMSE error: 2.4297256051887658e-05
42. RMSE error: 2.4297256051887658e-05
43. RMSE error: 2.4297256051887658e-05
44. RMSE error: 2.4297256051887658e-05
45. RMSE error: 2.4297256051887658e-05
46. RMSE error: 2.4297256051887658e-05
47. RMSE error: 2.4297256051887658e-05
48. RMSE error: 2.4297256051887658e-05
49. RMSE error: 2.4297256051887658e-05
50. RMSE error: 2.4297256051887658e-05
51. RMSE error: 2.4297256051887658e-05
52. RMSE error: 2.4297256051887658e-05
53. RMSE error: 2.4297256051887658e-05
54. RMSE error: 2.4297256051887658e-05
55. RMSE error: 2.4297256051887658e-05
56. RMSE error: 2.4297256051887658e-05
57. RMSE error: 2.4297256051887658e-05
58. RMSE error: 2.4297256051887658e-05
59. RMSE error: 2.4297256051887658e-05
60. RMSE error: 2.4297256051887658e-05
61. RMSE error: 2.4297256051887658e-05
62. RMSE error: 2.4297256051887658e-05
63. RMSE error: 2.4297256051887658e-05
64. RMSE error: 2.4297256051887658e-05
65. RMSE error: 2.4297256051887658e-05
66. RMSE error: 2.4297256051887658e-05
67. RMSE error: 2.4297256051887658e-05
68. RMSE error: 2.4297256051887658e-05
69. RMSE error: 2.4297256051887658e-05
70. RMSE error: 2.4297256051887658e-05
71. RMSE error: 2.4297256051887658e-05
72. RMSE error: 2.4297256051887658e-05
73. RMSE error: 2.4297256051887658e-05
74. RMSE error: 2.4297256051887658e-05
75. RMSE error: 2.4297256051887658e-05
76. RMSE error: 2.4297256051887658e-05
77. RMSE error: 2.4297256051887658e-05
78. RMSE error: 2.4297256051887658e-05
79. RMSE error: 2.4297256051887658e-05
80. RMSE error: 2.4297256051887658e-05
81. RMSE error: 2.4297256051887658e-05
82. RMSE error: 2.4297256051887658e-05
83. RMSE error: 2.4297256051887658e-05
84. RMSE error: 2.4297256051887658e-05
85. RMSE error: 2.4297256051887658e-05
86. RMSE error: 2.4297256051887658e-05
87. RMSE error: 2.4297256051887658e-05
88. RMSE error: 2.4297256051887658e-05
89. RMSE error: 2.4297256051887658e-05
90. RMSE error: 2.4297256051887658e-05
91. RMSE error: 2.4297256051887658e-05
92. RMSE error: 2.4297256051887658e-05
93. RMSE error: 2.4297256051887658e-05
94. RMSE error: 2.4297256051887658e-05
95. RMSE error: 2.4297256051887658e-05
96. RMSE error: 2.4297256051887658e-05
97. RMSE error: 2.4297256051887658e-05
98. RMSE error: 2.4297256051887658e-05
99. RMSE error: 2.4297256051887658e-05
100. RMSE error: 2.4297256051887658e-05
101. RMSE error: 2.4297256051887658e-05
102. RMSE error: 2.4297256051887658e-05
103. RMSE error: 2.4297256051887658e-05
104. RMSE error: 2.4297256051887658e-05
105. RMSE error: 2.4297256051887658e-05
106. RMSE error: 2.4297256051887658e-05
107. RMSE error: 2.4297256051887658e-05
108. RMSE error: 2.4297256051887658e-05
109. RMSE error: 2.4297256051887658e-05
110. RMSE error: 2.4297256051887658e-05
111. RMSE error: 2.4297256051887658e-05
112. RMSE error: 2.4297256051887658e-05
113. RMSE error: 2.4297256051887658e-05
114. RMSE error: 2.4297256051887658e-05
115. RMSE error: 2.4297256051887658e-05
116. RMSE error: 2.4297256051887658e-05
117. RMSE error: 2.4297256051887658e-05
118. RMSE error: 2.4297256051887658e-05
119. RMSE error: 2.4297256051887658e-05
120. RMSE error: 2.4297256051887658e-05
121. RMSE error: 2.4297256051887658e-05
122. RMSE error: 2.4297256051887658e-05
123. RMSE error: 2.4297256051887658e-05
124. RMSE error: 2.4297256051887658e-05
125. RMSE error: 2.4297256051887658e-05
126. RMSE error: 2.4297256051887658e-05
127. RMSE error: 2.4297256051887658e-05
128. RMSE error: 2.4297256051887658e-05
129. RMSE error: 2.4297256051887658e-05
130. RMSE error: 2.4297256051887658e-05
131. RMSE error: 2.4297256051887658e-05
132. RMSE error: 2.4297256051887658e-05
133. RMSE error: 2.4297256051887658e-05
134. RMSE error: 2.4297256051887658e-05
135. RMSE error: 2.4297256051887658e-05
136. RMSE error: 2.4297256051887658e-05
137. RMSE error: 2.4297256051887658e-05
138. RMSE error: 2.4297256051887658e-05
139. RMSE error: 2.4297256051887658e-05
140. RMSE error: 2.4297256051887658e-05
141. RMSE error: 2.4297256051887658e-05
142. RMSE error: 2.4297256051887658e-05
143. RMSE error: 2.4297256051887658e-05
144. RMSE error: 2.4297256051887658e-05
145. RMSE error: 2.4297256051887658e-05
146. RMSE error: 2.4297256051887658e-05
147. RMSE error: 2.4297256051887658e-05
148. RMSE error: 2.4297256051887658e-05
149. RMSE error: 2.4297256051887658e-05
150. RMSE error: 2.4297256051887658e-05
151. RMSE error: 2.4297256051887658e-05
152. RMSE error: 2.4297256051887658e-05
153. RMSE error: 2.4297256051887658e-05
154. RMSE error: 2.4297256051887658e-05
155. RMSE error: 2.4297256051887658e-05
156. RMSE error: 2.4297256051887658e-05
157. RMSE error: 2.4297256051887658e-05
158. RMSE error: 2.4297256051887658e-05
159. RMSE error: 2.4297256051887658e-05
160. RMSE error: 2.4297256051887658e-05
161. RMSE error: 2.4297256051887658e-05
162. RMSE error: 2.4297256051887658e-05
163. RMSE error: 2.4297256051887658e-05
164. RMSE error: 2.4297256051887658e-05
165. RMSE error: 2.4297256051887658e-05
166. RMSE error: 2.4297256051887658e-05
167. RMSE error: 2.4297256051887658e-05
168. RMSE error: 2.4297256051887658e-05
169. RMSE error: 2.4297256051887658e-05
170. RMSE error: 2.4297256051887658e-05
171. RMSE error: 2.4297256051887658e-05
172. RMSE error: 2.4297256051887658e-05
173. RMSE error: 2.4297256051887658e-05
174. RMSE error: 2.4297256051887658e-05
175. RMSE error: 2.4297256051887658e-05
176. RMSE error: 2.4297256051887658e-05
177. RMSE error: 2.4297256051887658e-05
178. RMSE error: 2.4297256051887658e-05
179. RMSE error: 2.4297256051887658e-05
180. RMSE error: 2.4297256051887658e-05
181. RMSE error: 2.4297256051887658e-05
182. RMSE error: 2.4297256051887658e-05
183. RMSE error: 2.4297256051887658e-05
184. RMSE error: 2.4297256051887658e-05
185. RMSE error: 2.4297256051887658e-05
186. RMSE error: 2.4297256051887658e-05
187. RMSE error: 2.4297256051887658e-05
188. RMSE error: 2.4297256051887658e-05
189. RMSE error: 2.4297256051887658e-05
190. RMSE error: 2.4297256051887658e-05
191. RMSE error: 2.4297256051887658e-05
192. RMSE error: 2.4297256051887658e-05
193. RMSE error: 2.4297256051887658e-05
194. RMSE error: 2.4297256051887658e-05
195. RMSE error: 2.4297256051887658e-05
196. RMSE error: 2.4297256051887658e-05
197. RMSE error: 2.4297256051887658e-05
198. RMSE error: 2.4297256051887658e-05
199. RMSE error: 2.4297256051887658e-05
200. RMSE error: 2.4297256051887658e-05
201. RMSE error: 2.4297256051887658e-05
202. RMSE error: 2.4297256051887658e-05
203. RMSE error: 2.4297256051887658e-05
204. RMSE error: 2.4297256051887658e-05
205. RMSE error: 2.4297256051887658e-05
206. RMSE error: 2.4297256051887658e-05
207. RMSE error: 2.4297256051887658e-05
208. RMSE error: 2.4297256051887658e-05
209. RMSE error: 2.4297256051887658e-05
210. RMSE error: 2.4297256051887658e-05
211. RMSE error: 2.4297256051887658e-05
212. RMSE error: 2.4297256051887658e-05
213. RMSE error: 2.4297256051887658e-05
214. RMSE error: 2.4297256051887658e-05
215. RMSE error: 2.4297256051887658e-05
216. RMSE error: 2.4297256051887658e-05
217. RMSE error: 2.4297256051887658e-05
218. RMSE error: 2.4297256051887658e-05
219. RMSE error: 2.4297256051887658e-05
220. RMSE error: 2.4297256051887658e-05
221. RMSE error: 2.4297256051887658e-05
222. RMSE error: 2.4297256051887658e-05
223. RMSE error: 2.4297256051887658e-05
224. RMSE error: 2.4297256051887658e-05
225. RMSE error: 2.4297256051887658e-05
226. RMSE error: 2.4297256051887658e-05
227. RMSE error: 2.4297256051887658e-05
228. RMSE error: 2.4297256051887658e-05
229. RMSE error: 2.4297256051887658e-05
230. RMSE error: 2.4297256051887658e-05
231. RMSE error: 2.4297256051887658e-05
232. RMSE error: 2.4297256051887658e-05
233. RMSE error: 2.4297256051887658e-05
234. RMSE error: 2.4297256051887658e-05
235. RMSE error: 2.4297256051887658e-05
236. RMSE error: 2.4297256051887658e-05
237. RMSE error: 2.4297256051887658e-05
238. RMSE error: 2.4297256051887658e-05
239. RMSE error: 2.4297256051887658e-05
240. RMSE error: 2.4297256051887658e-05
241. RMSE error: 2.4297256051887658e-05
242. RMSE error: 2.4297256051887658e-05
243. RMSE error: 2.4297256051887658e-05
244. RMSE error: 2.4297256051887658e-05
245. RMSE error: 2.4297256051887658e-05
246. RMSE error: 2.4297256051887658e-05
247. RMSE error: 2.4297256051887658e-05
248. RMSE error: 2.4297256051887658e-05
249. RMSE error: 2.4297256051887658e-05
250. RMSE error: 2.4297256051887658e-05
251. RMSE error: 2.4297256051887658e-05
252. RMSE error: 2.4297256051887658e-05
253. RMSE error: 2.4297256051887658e-05
254. RMSE error: 2.4297256051887658e-05
255. RMSE error: 2.4297256051887658e-05
256. RMSE error: 2.4297256051887658e-05
257. RMSE error: 2.4297256051887658e-05
258. RMSE error: 2.4297256051887658e-05
259. RMSE error: 2.4297256051887658e-05
260. RMSE error: 2.4297256051887658e-05
261. RMSE error: 2.4297256051887658e-05
262. RMSE error: 2.4297256051887658e-05
263. RMSE error: 2.4297256051887658e-05
264. RMSE error: 2.4297256051887658e-05
265. RMSE error: 2.4297256051887658e-05
266. RMSE error: 2.4297256051887658e-05
267. RMSE error: 2.4297256051887658e-05
268. RMSE error: 2.4297256051887658e-05
269. RMSE error: 2.4297256051887658e-05
270. RMSE error: 2.4297256051887658e-05
271. RMSE error: 2.4297256051887658e-05
272. RMSE error: 2.4297256051887658e-05
273. RMSE error: 2.4297256051887658e-05
274. RMSE error: 2.4297256051887658e-05
275. RMSE error: 2.4297256051887658e-05
276. RMSE error: 2.4297256051887658e-05
277. RMSE error: 2.4297256051887658e-05
278. RMSE error: 2.4297256051887658e-05
279. RMSE error: 2.4297256051887658e-05
280. RMSE error: 2.4297256051887658e-05
281. RMSE error: 2.4297256051887658e-05
282. RMSE error: 2.4297256051887658e-05
283. RMSE error: 2.4297256051887658e-05
284. RMSE error: 2.4297256051887658e-05
285. RMSE error: 2.4297256051887658e-05
286. RMSE error: 2.4297256051887658e-05
287. RMSE error: 2.4297256051887658e-05
288. RMSE error: 2.4297256051887658e-05
289. RMSE error: 2.4297256051887658e-05
290. RMSE error: 2.4297256051887658e-05
291. RMSE error: 2.4297256051887658e-05
292. RMSE error: 2.4297256051887658e-05
293. RMSE error: 2.4297256051887658e-05
294. RMSE error: 2.4297256051887658e-05
295. RMSE error: 2.4297256051887658e-05
296. RMSE error: 2.4297256051887658e-05
297. RMSE error: 2.4297256051887658e-05
298. RMSE error: 2.4297256051887658e-05
299. RMSE error: 2.4297256051887658e-05
300. RMSE error: 2.4297256051887658e-05
301. RMSE error: 2.4297256051887658e-05
302. RMSE error: 2.4297256051887658e-05
303. RMSE error: 2.4297256051887658e-05
304. RMSE error: 2.4297256051887658e-05
305. RMSE error: 2.4297256051887658e-05
306. RMSE error: 2.4297256051887658e-05
307. RMSE error: 2.4297256051887658e-05
308. RMSE error: 2.4297256051887658e-05
309. RMSE error: 2.4297256051887658e-05
310. RMSE error: 2.4297256051887658e-05
311. RMSE error: 2.4297256051887658e-05
312. RMSE error: 2.4297256051887658e-05
313. RMSE error: 2.4297256051887658e-05
314. RMSE error: 2.4297256051887658e-05
315. RMSE error: 2.4297256051887658e-05
316. RMSE error: 2.4297256051887658e-05
317. RMSE error: 2.4297256051887658e-05
318. RMSE error: 2.4297256051887658e-05
319. RMSE error: 2.4297256051887658e-05
320. RMSE error: 2.4297256051887658e-05
321. RMSE error: 2.4297256051887658e-05
322. RMSE error: 2.4297256051887658e-05
323. RMSE error: 2.4297256051887658e-05
324. RMSE error: 2.4297256051887658e-05
325. RMSE error: 2.4297256051887658e-05
326. RMSE error: 2.4297256051887658e-05
327. RMSE error: 2.4297256051887658e-05
328. RMSE error: 2.4297256051887658e-05
329. RMSE error: 2.4297256051887658e-05
330. RMSE error: 2.4297256051887658e-05
331. RMSE error: 2.4297256051887658e-05
332. RMSE error: 2.4297256051887658e-05
333. RMSE error: 2.4297256051887658e-05
334. RMSE error: 2.4297256051887658e-05
335. RMSE error: 2.4297256051887658e-05
336. RMSE error: 2.4297256051887658e-05
337. RMSE error: 2.4297256051887658e-05
338. RMSE error: 2.4297256051887658e-05
339. RMSE error: 2.4297256051887658e-05
340. RMSE error: 2.4297256051887658e-05
341. RMSE error: 2.4297256051887658e-05
342. RMSE error: 2.4297256051887658e-05
343. RMSE error: 2.4297256051887658e-05
344. RMSE error: 2.4297256051887658e-05
345. RMSE error: 2.4297256051887658e-05
346. RMSE error: 2.4297256051887658e-05
347. RMSE error: 2.4297256051887658e-05
348. RMSE error: 2.4297256051887658e-05
349. RMSE error: 2.4297256051887658e-05
350. RMSE error: 2.4297256051887658e-05
351. RMSE error: 2.4297256051887658e-05
352. RMSE error: 2.4297256051887658e-05
353. RMSE error: 2.4297256051887658e-05
354. RMSE error: 2.4297256051887658e-05
355. RMSE error: 2.4297256051887658e-05
356. RMSE error: 2.4297256051887658e-05
357. RMSE error: 2.4297256051887658e-05
358. RMSE error: 2.4297256051887658e-05
359. RMSE error: 2.4297256051887658e-05
360. RMSE error: 2.4297256051887658e-05
361. RMSE error: 2.4297256051887658e-05
362. RMSE error: 2.4297256051887658e-05
363. RMSE error: 2.4297256051887658e-05
364. RMSE error: 2.4297256051887658e-05
365. RMSE error: 2.4297256051887658e-05
366. RMSE error: 2.4297256051887658e-05
367. RMSE error: 2.4297256051887658e-05
368. RMSE error: 2.4297256051887658e-05
369. RMSE error: 2.4297256051887658e-05
370. RMSE error: 2.4297256051887658e-05
371. RMSE error: 2.4297256051887658e-05
372. RMSE error: 2.4297256051887658e-05
373. RMSE error: 2.4297256051887658e-05
374. RMSE error: 2.4297256051887658e-05
375. RMSE error: 2.4297256051887658e-05
376. RMSE error: 2.4297256051887658e-05
377. RMSE error: 2.4297256051887658e-05
378. RMSE error: 2.4297256051887658e-05
379. RMSE error: 2.4297256051887658e-05
380. RMSE error: 2.4297256051887658e-05
381. RMSE error: 2.4297256051887658e-05
382. RMSE error: 2.4297256051887658e-05
383. RMSE error: 2.4297256051887658e-05
384. RMSE error: 2.4297256051887658e-05
385. RMSE error: 2.4297256051887658e-05
386. RMSE error: 2.4297256051887658e-05
387. RMSE error: 2.4297256051887658e-05
388. RMSE error: 2.4297256051887658e-05
389. RMSE error: 2.4297256051887658e-05
390. RMSE error: 2.4297256051887658e-05
391. RMSE error: 2.4297256051887658e-05
392. RMSE error: 2.4297256051887658e-05
393. RMSE error: 2.4297256051887658e-05
394. RMSE error: 2.4297256051887658e-05
395. RMSE error: 2.4297256051887658e-05
396. RMSE error: 2.4297256051887658e-05
397. RMSE error: 2.4297256051887658e-05
398. RMSE error: 2.4297256051887658e-05
399. RMSE error: 2.4297256051887658e-05
400. RMSE error: 2.4297256051887658e-05
401. RMSE error: 2.4297256051887658e-05
402. RMSE error: 2.4297256051887658e-05
403. RMSE error: 2.4297256051887658e-05
404. RMSE error: 2.4297256051887658e-05
405. RMSE error: 2.4297256051887658e-05
406. RMSE error: 2.4297256051887658e-05
407. RMSE error: 2.4297256051887658e-05
408. RMSE error: 2.4297256051887658e-05
409. RMSE error: 2.4297256051887658e-05
410. RMSE error: 2.4297256051887658e-05
411. RMSE error: 2.4297256051887658e-05
412. RMSE error: 2.4297256051887658e-05
413. RMSE error: 2.4297256051887658e-05
414. RMSE error: 2.4297256051887658e-05
415. RMSE error: 2.4297256051887658e-05
416. RMSE error: 2.4297256051887658e-05
417. RMSE error: 2.4297256051887658e-05
418. RMSE error: 2.4297256051887658e-05
419. RMSE error: 2.4297256051887658e-05
420. RMSE error: 2.4297256051887658e-05
421. RMSE error: 2.4297256051887658e-05
422. RMSE error: 2.4297256051887658e-05
423. RMSE error: 2.4297256051887658e-05
424. RMSE error: 2.4297256051887658e-05
425. RMSE error: 2.4297256051887658e-05
426. RMSE error: 2.4297256051887658e-05
427. RMSE error: 2.4297256051887658e-05
428. RMSE error: 2.4297256051887658e-05
429. RMSE error: 2.4297256051887658e-05
430. RMSE error: 2.4297256051887658e-05
431. RMSE error: 2.4297256051887658e-05
432. RMSE error: 2.4297256051887658e-05
433. RMSE error: 2.4297256051887658e-05
434. RMSE error: 2.4297256051887658e-05
435. RMSE error: 2.4297256051887658e-05
436. RMSE error: 2.4297256051887658e-05
437. RMSE error: 2.4297256051887658e-05
438. RMSE error: 2.4297256051887658e-05
439. RMSE error: 2.4297256051887658e-05
440. RMSE error: 2.4297256051887658e-05
441. RMSE error: 2.4297256051887658e-05
442. RMSE error: 2.4297256051887658e-05
443. RMSE error: 2.4297256051887658e-05
444. RMSE error: 2.4297256051887658e-05
445. RMSE error: 2.4297256051887658e-05
446. RMSE error: 2.4297256051887658e-05
447. RMSE error: 2.4297256051887658e-05
448. RMSE error: 2.4297256051887658e-05
449. RMSE error: 2.4297256051887658e-05
450. RMSE error: 2.4297256051887658e-05
451. RMSE error: 2.4297256051887658e-05
452. RMSE error: 2.4297256051887658e-05
453. RMSE error: 2.4297256051887658e-05
454. RMSE error: 2.4297256051887658e-05
455. RMSE error: 2.4297256051887658e-05
456. RMSE error: 2.4297256051887658e-05
457. RMSE error: 2.4297256051887658e-05
458. RMSE error: 2.4297256051887658e-05
459. RMSE error: 2.4297256051887658e-05
460. RMSE error: 2.4297256051887658e-05
461. RMSE error: 2.4297256051887658e-05
462. RMSE error: 2.4297256051887658e-05
463. RMSE error: 2.4297256051887658e-05
464. RMSE error: 2.4297256051887658e-05
465. RMSE error: 2.4297256051887658e-05
466. RMSE error: 2.4297256051887658e-05
467. RMSE error: 2.4297256051887658e-05
468. RMSE error: 2.4297256051887658e-05
469. RMSE error: 2.4297256051887658e-05
470. RMSE error: 2.4297256051887658e-05
471. RMSE error: 2.4297256051887658e-05
472. RMSE error: 2.4297256051887658e-05
473. RMSE error: 2.4297256051887658e-05
474. RMSE error: 2.4297256051887658e-05
475. RMSE error: 2.4297256051887658e-05
476. RMSE error: 2.4297256051887658e-05
477. RMSE error: 2.4297256051887658e-05
478. RMSE error: 2.4297256051887658e-05
479. RMSE error: 2.4297256051887658e-05
480. RMSE error: 2.4297256051887658e-05
481. RMSE error: 2.4297256051887658e-05
482. RMSE error: 2.4297256051887658e-05
483. RMSE error: 2.4297256051887658e-05
484. RMSE error: 2.4297256051887658e-05
485. RMSE error: 2.4297256051887658e-05
486. RMSE error: 2.4297256051887658e-05
487. RMSE error: 2.4297256051887658e-05
488. RMSE error: 2.4297256051887658e-05
489. RMSE error: 2.4297256051887658e-05
490. RMSE error: 2.4297256051887658e-05
491. RMSE error: 2.4297256051887658e-05
492. RMSE error: 2.4297256051887658e-05
493. RMSE error: 2.4297256051887658e-05
494. RMSE error: 2.4297256051887658e-05
495. RMSE error: 2.4297256051887658e-05
496. RMSE error: 2.4297256051887658e-05
497. RMSE error: 2.4297256051887658e-05
498. RMSE error: 2.4297256051887658e-05
499. RMSE error: 2.4297256051887658e-05
500. RMSE error: 2.4297256051887658e-05
501. RMSE error: 2.4297256051887658e-05
502. RMSE error: 2.4297256051887658e-05
503. RMSE error: 2.4297256051887658e-05
504. RMSE error: 2.4297256051887658e-05
505. RMSE error: 2.4297256051887658e-05
506. RMSE error: 2.4297256051887658e-05
507. RMSE error: 2.4297256051887658e-05
508. RMSE error: 2.4297256051887658e-05
509. RMSE error: 2.4297256051887658e-05
510. RMSE error: 2.4297256051887658e-05
511. RMSE error: 2.4297256051887658e-05
512. RMSE error: 2.4297256051887658e-05
513. RMSE error: 2.4297256051887658e-05
514. RMSE error: 2.4297256051887658e-05
515. RMSE error: 2.4297256051887658e-05
516. RMSE error: 2.4297256051887658e-05
517. RMSE error: 2.4297256051887658e-05
518. RMSE error: 2.4297256051887658e-05
519. RMSE error: 2.4297256051887658e-05
520. RMSE error: 2.4297256051887658e-05
521. RMSE error: 2.4297256051887658e-05
522. RMSE error: 2.4297256051887658e-05
523. RMSE error: 2.4297256051887658e-05
524. RMSE error: 2.4297256051887658e-05
525. RMSE error: 2.4297256051887658e-05
526. RMSE error: 2.4297256051887658e-05
527. RMSE error: 2.4297256051887658e-05
528. RMSE error: 2.4297256051887658e-05
529. RMSE error: 2.4297256051887658e-05
530. RMSE error: 2.4297256051887658e-05
531. RMSE error: 2.4297256051887658e-05
532. RMSE error: 2.4297256051887658e-05
533. RMSE error: 2.4297256051887658e-05
534. RMSE error: 2.4297256051887658e-05
535. RMSE error: 2.4297256051887658e-05
536. RMSE error: 2.4297256051887658e-05
537. RMSE error: 2.4297256051887658e-05
538. RMSE error: 2.4297256051887658e-05
539. RMSE error: 2.4297256051887658e-05
540. RMSE error: 2.4297256051887658e-05
541. RMSE error: 2.4297256051887658e-05
542. RMSE error: 2.4297256051887658e-05
543. RMSE error: 2.4297256051887658e-05
544. RMSE error: 2.4297256051887658e-05
545. RMSE error: 2.4297256051887658e-05
546. RMSE error: 2.4297256051887658e-05
547. RMSE error: 2.4297256051887658e-05
548. RMSE error: 2.4297256051887658e-05
549. RMSE error: 2.4297256051887658e-05
550. RMSE error: 2.4297256051887658e-05
551. RMSE error: 2.4297256051887658e-05
552. RMSE error: 2.4297256051887658e-05
553. RMSE error: 2.4297256051887658e-05
554. RMSE error: 2.4297256051887658e-05
555. RMSE error: 2.4297256051887658e-05
556. RMSE error: 2.4297256051887658e-05
557. RMSE error: 2.4297256051887658e-05
558. RMSE error: 2.4297256051887658e-05
559. RMSE error: 2.4297256051887658e-05
560. RMSE error: 2.4297256051887658e-05
561. RMSE error: 2.4297256051887658e-05
562. RMSE error: 2.4297256051887658e-05
563. RMSE error: 2.4297256051887658e-05
564. RMSE error: 2.4297256051887658e-05
565. RMSE error: 2.4297256051887658e-05
566. RMSE error: 2.4297256051887658e-05
567. RMSE error: 2.4297256051887658e-05
568. RMSE error: 2.4297256051887658e-05
569. RMSE error: 2.4297256051887658e-05
570. RMSE error: 2.4297256051887658e-05
571. RMSE error: 2.4297256051887658e-05
572. RMSE error: 2.4297256051887658e-05
573. RMSE error: 2.4297256051887658e-05
574. RMSE error: 2.4297256051887658e-05
575. RMSE error: 2.4297256051887658e-05
576. RMSE error: 2.4297256051887658e-05
577. RMSE error: 2.4297256051887658e-05
578. RMSE error: 2.4297256051887658e-05
579. RMSE error: 2.4297256051887658e-05
580. RMSE error: 2.4297256051887658e-05
581. RMSE error: 2.4297256051887658e-05
582. RMSE error: 2.4297256051887658e-05
583. RMSE error: 2.4297256051887658e-05
584. RMSE error: 2.4297256051887658e-05
585. RMSE error: 2.4297256051887658e-05
586. RMSE error: 2.4297256051887658e-05
587. RMSE error: 2.4297256051887658e-05
588. RMSE error: 2.4297256051887658e-05
589. RMSE error: 2.4297256051887658e-05
590. RMSE error: 2.4297256051887658e-05
591. RMSE error: 2.4297256051887658e-05
592. RMSE error: 2.4297256051887658e-05
593. RMSE error: 2.4297256051887658e-05
594. RMSE error: 2.4297256051887658e-05
595. RMSE error: 2.4297256051887658e-05
596. RMSE error: 2.4297256051887658e-05
597. RMSE error: 2.4297256051887658e-05
598. RMSE error: 2.4297256051887658e-05
599. RMSE error: 2.4297256051887658e-05
600. RMSE error: 2.4297256051887658e-05
601. RMSE error: 2.4297256051887658e-05
602. RMSE error: 2.4297256051887658e-05
603. RMSE error: 2.4297256051887658e-05
604. RMSE error: 2.4297256051887658e-05
605. RMSE error: 2.4297256051887658e-05
606. RMSE error: 2.4297256051887658e-05
607. RMSE error: 2.4297256051887658e-05
608. RMSE error: 2.4297256051887658e-05
609. RMSE error: 2.4297256051887658e-05
610. RMSE error: 2.4297256051887658e-05
611. RMSE error: 2.4297256051887658e-05
612. RMSE error: 2.4297256051887658e-05
613. RMSE error: 2.4297256051887658e-05
614. RMSE error: 2.4297256051887658e-05
615. RMSE error: 2.4297256051887658e-05
616. RMSE error: 2.4297256051887658e-05
617. RMSE error: 2.4297256051887658e-05
618. RMSE error: 2.4297256051887658e-05
619. RMSE error: 2.4297256051887658e-05
620. RMSE error: 2.4297256051887658e-05
621. RMSE error: 2.4297256051887658e-05
622. RMSE error: 2.4297256051887658e-05
623. RMSE error: 2.4297256051887658e-05
624. RMSE error: 2.4297256051887658e-05
625. RMSE error: 2.4297256051887658e-05
626. RMSE error: 2.4297256051887658e-05
627. RMSE error: 2.4297256051887658e-05
628. RMSE error: 2.4297256051887658e-05
629. RMSE error: 2.4297256051887658e-05
630. RMSE error: 2.4297256051887658e-05
631. RMSE error: 2.4297256051887658e-05
632. RMSE error: 2.4297256051887658e-05
633. RMSE error: 2.4297256051887658e-05
634. RMSE error: 2.4297256051887658e-05
635. RMSE error: 2.4297256051887658e-05
636. RMSE error: 2.4297256051887658e-05
637. RMSE error: 2.4297256051887658e-05
638. RMSE error: 2.4297256051887658e-05
639. RMSE error: 2.4297256051887658e-05
640. RMSE error: 2.4297256051887658e-05
641. RMSE error: 2.4297256051887658e-05
642. RMSE error: 2.4297256051887658e-05
643. RMSE error: 2.4297256051887658e-05
644. RMSE error: 2.4297256051887658e-05
645. RMSE error: 2.4297256051887658e-05
646. RMSE error: 2.4297256051887658e-05
647. RMSE error: 2.4297256051887658e-05
648. RMSE error: 2.4297256051887658e-05
649. RMSE error: 2.4297256051887658e-05
650. RMSE error: 2.4297256051887658e-05
651. RMSE error: 2.4297256051887658e-05
652. RMSE error: 2.4297256051887658e-05
653. RMSE error: 2.4297256051887658e-05
654. RMSE error: 2.4297256051887658e-05
655. RMSE error: 2.4297256051887658e-05
656. RMSE error: 2.4297256051887658e-05
657. RMSE error: 2.4297256051887658e-05
658. RMSE error: 2.4297256051887658e-05
659. RMSE error: 2.4297256051887658e-05
660. RMSE error: 2.4297256051887658e-05
661. RMSE error: 2.4297256051887658e-05
662. RMSE error: 2.4297256051887658e-05
663. RMSE error: 2.4297256051887658e-05
664. RMSE error: 2.4297256051887658e-05
665. RMSE error: 2.4297256051887658e-05
666. RMSE error: 2.4297256051887658e-05
667. RMSE error: 2.4297256051887658e-05
668. RMSE error: 2.4297256051887658e-05
669. RMSE error: 2.4297256051887658e-05
670. RMSE error: 2.4297256051887658e-05
671. RMSE error: 2.4297256051887658e-05
672. RMSE error: 2.4297256051887658e-05
673. RMSE error: 2.4297256051887658e-05
674. RMSE error: 2.4297256051887658e-05
675. RMSE error: 2.4297256051887658e-05
676. RMSE error: 2.4297256051887658e-05
677. RMSE error: 2.4297256051887658e-05
678. RMSE error: 2.4297256051887658e-05
679. RMSE error: 2.4297256051887658e-05
680. RMSE error: 2.4297256051887658e-05
681. RMSE error: 2.4297256051887658e-05
682. RMSE error: 2.4297256051887658e-05
683. RMSE error: 2.4297256051887658e-05
684. RMSE error: 2.4297256051887658e-05
685. RMSE error: 2.4297256051887658e-05
686. RMSE error: 2.4297256051887658e-05
687. RMSE error: 2.4297256051887658e-05
688. RMSE error: 2.4297256051887658e-05
689. RMSE error: 2.4297256051887658e-05
690. RMSE error: 2.4297256051887658e-05
691. RMSE error: 2.4297256051887658e-05
692. RMSE error: 2.4297256051887658e-05
693. RMSE error: 2.4297256051887658e-05
694. RMSE error: 2.4297256051887658e-05
695. RMSE error: 2.4297256051887658e-05
696. RMSE error: 2.4297256051887658e-05
697. RMSE error: 2.4297256051887658e-05
698. RMSE error: 2.4297256051887658e-05
699. RMSE error: 2.4297256051887658e-05
700. RMSE error: 2.4297256051887658e-05
701. RMSE error: 2.4297256051887658e-05
702. RMSE error: 2.4297256051887658e-05
703. RMSE error: 2.4297256051887658e-05
704. RMSE error: 2.4297256051887658e-05
705. RMSE error: 2.4297256051887658e-05
706. RMSE error: 2.4297256051887658e-05
707. RMSE error: 2.4297256051887658e-05
708. RMSE error: 2.4297256051887658e-05
709. RMSE error: 2.4297256051887658e-05
710. RMSE error: 2.4297256051887658e-05
711. RMSE error: 2.4297256051887658e-05
712. RMSE error: 2.4297256051887658e-05
713. RMSE error: 2.4297256051887658e-05
714. RMSE error: 2.4297256051887658e-05
715. RMSE error: 2.4297256051887658e-05
716. RMSE error: 2.4297256051887658e-05
717. RMSE error: 2.4297256051887658e-05
718. RMSE error: 2.4297256051887658e-05
719. RMSE error: 2.4297256051887658e-05
720. RMSE error: 2.4297256051887658e-05
721. RMSE error: 2.4297256051887658e-05
722. RMSE error: 2.4297256051887658e-05
723. RMSE error: 2.4297256051887658e-05
724. RMSE error: 2.4297256051887658e-05
725. RMSE error: 2.4297256051887658e-05
726. RMSE error: 2.4297256051887658e-05
727. RMSE error: 2.4297256051887658e-05
728. RMSE error: 2.4297256051887658e-05
729. RMSE error: 2.4297256051887658e-05
730. RMSE error: 2.4297256051887658e-05
731. RMSE error: 2.4297256051887658e-05
732. RMSE error: 2.4297256051887658e-05
733. RMSE error: 2.4297256051887658e-05
734. RMSE error: 2.4297256051887658e-05
735. RMSE error: 2.4297256051887658e-05
736. RMSE error: 2.4297256051887658e-05
737. RMSE error: 2.4297256051887658e-05
738. RMSE error: 2.4297256051887658e-05
739. RMSE error: 2.4297256051887658e-05
740. RMSE error: 2.4297256051887658e-05
741. RMSE error: 2.4297256051887658e-05
742. RMSE error: 2.4297256051887658e-05
743. RMSE error: 2.4297256051887658e-05
744. RMSE error: 2.4297256051887658e-05
745. RMSE error: 2.4297256051887658e-05
746. RMSE error: 2.4297256051887658e-05
747. RMSE error: 2.4297256051887658e-05
748. RMSE error: 2.4297256051887658e-05
749. RMSE error: 2.4297256051887658e-05
750. RMSE error: 2.4297256051887658e-05
751. RMSE error: 2.4297256051887658e-05
752. RMSE error: 2.4297256051887658e-05
753. RMSE error: 2.4297256051887658e-05
754. RMSE error: 2.4297256051887658e-05
755. RMSE error: 2.4297256051887658e-05
756. RMSE error: 2.4297256051887658e-05
757. RMSE error: 2.4297256051887658e-05
758. RMSE error: 2.4297256051887658e-05
759. RMSE error: 2.4297256051887658e-05
760. RMSE error: 2.4297256051887658e-05
761. RMSE error: 2.4297256051887658e-05
762. RMSE error: 2.4297256051887658e-05
763. RMSE error: 2.4297256051887658e-05
764. RMSE error: 2.4297256051887658e-05
765. RMSE error: 2.4297256051887658e-05
766. RMSE error: 2.4297256051887658e-05
767. RMSE error: 2.4297256051887658e-05
768. RMSE error: 2.4297256051887658e-05
769. RMSE error: 2.4297256051887658e-05
770. RMSE error: 2.4297256051887658e-05
771. RMSE error: 2.4297256051887658e-05
772. RMSE error: 2.4297256051887658e-05
773. RMSE error: 2.4297256051887658e-05
774. RMSE error: 2.4297256051887658e-05
775. RMSE error: 2.4297256051887658e-05
776. RMSE error: 2.4297256051887658e-05
777. RMSE error: 2.4297256051887658e-05
778. RMSE error: 2.4297256051887658e-05
779. RMSE error: 2.4297256051887658e-05
780. RMSE error: 2.4297256051887658e-05
781. RMSE error: 2.4297256051887658e-05
782. RMSE error: 2.4297256051887658e-05
783. RMSE error: 2.4297256051887658e-05
784. RMSE error: 2.4297256051887658e-05
785. RMSE error: 2.4297256051887658e-05
786. RMSE error: 2.4297256051887658e-05
787. RMSE error: 2.4297256051887658e-05
788. RMSE error: 2.4297256051887658e-05
789. RMSE error: 2.4297256051887658e-05
790. RMSE error: 2.4297256051887658e-05
791. RMSE error: 2.4297256051887658e-05
792. RMSE error: 2.4297256051887658e-05
793. RMSE error: 2.4297256051887658e-05
794. RMSE error: 2.4297256051887658e-05
795. RMSE error: 2.4297256051887658e-05
796. RMSE error: 2.4297256051887658e-05
797. RMSE error: 2.4297256051887658e-05
798. RMSE error: 2.4297256051887658e-05
799. RMSE error: 2.4297256051887658e-05
800. RMSE error: 2.4297256051887658e-05
801. RMSE error: 2.4297256051887658e-05
802. RMSE error: 2.4297256051887658e-05
803. RMSE error: 2.4297256051887658e-05
804. RMSE error: 2.4297256051887658e-05
805. RMSE error: 2.4297256051887658e-05
806. RMSE error: 2.4297256051887658e-05
807. RMSE error: 2.4297256051887658e-05
808. RMSE error: 2.4297256051887658e-05
809. RMSE error: 2.4297256051887658e-05
810. RMSE error: 2.4297256051887658e-05
811. RMSE error: 2.4297256051887658e-05
812. RMSE error: 2.4297256051887658e-05
813. RMSE error: 2.4297256051887658e-05
814. RMSE error: 2.4297256051887658e-05
815. RMSE error: 2.4297256051887658e-05
816. RMSE error: 2.4297256051887658e-05
817. RMSE error: 2.4297256051887658e-05
818. RMSE error: 2.4297256051887658e-05
819. RMSE error: 2.4297256051887658e-05
820. RMSE error: 2.4297256051887658e-05
821. RMSE error: 2.4297256051887658e-05
822. RMSE error: 2.4297256051887658e-05
823. RMSE error: 2.4297256051887658e-05
824. RMSE error: 2.4297256051887658e-05
825. RMSE error: 2.4297256051887658e-05
826. RMSE error: 2.4297256051887658e-05
827. RMSE error: 2.4297256051887658e-05
828. RMSE error: 2.4297256051887658e-05
829. RMSE error: 2.4297256051887658e-05
830. RMSE error: 2.4297256051887658e-05
831. RMSE error: 2.4297256051887658e-05
832. RMSE error: 2.4297256051887658e-05
833. RMSE error: 2.4297256051887658e-05
834. RMSE error: 2.4297256051887658e-05
835. RMSE error: 2.4297256051887658e-05
836. RMSE error: 2.4297256051887658e-05
837. RMSE error: 2.4297256051887658e-05
838. RMSE error: 2.4297256051887658e-05
839. RMSE error: 2.4297256051887658e-05
840. RMSE error: 2.4297256051887658e-05
841. RMSE error: 2.4297256051887658e-05
842. RMSE error: 2.4297256051887658e-05
843. RMSE error: 2.4297256051887658e-05
844. RMSE error: 2.4297256051887658e-05
845. RMSE error: 2.4297256051887658e-05
846. RMSE error: 2.4297256051887658e-05
847. RMSE error: 2.4297256051887658e-05
848. RMSE error: 2.4297256051887658e-05
849. RMSE error: 2.4297256051887658e-05
850. RMSE error: 2.4297256051887658e-05
851. RMSE error: 2.4297256051887658e-05
852. RMSE error: 2.4297256051887658e-05
853. RMSE error: 2.4297256051887658e-05
854. RMSE error: 2.4297256051887658e-05
855. RMSE error: 2.4297256051887658e-05
856. RMSE error: 2.4297256051887658e-05
857. RMSE error: 2.4297256051887658e-05
858. RMSE error: 2.4297256051887658e-05
859. RMSE error: 2.4297256051887658e-05
860. RMSE error: 2.4297256051887658e-05
861. RMSE error: 2.4297256051887658e-05
862. RMSE error: 2.4297256051887658e-05
863. RMSE error: 2.4297256051887658e-05
864. RMSE error: 2.4297256051887658e-05
865. RMSE error: 2.4297256051887658e-05
866. RMSE error: 2.4297256051887658e-05
867. RMSE error: 2.4297256051887658e-05
868. RMSE error: 2.4297256051887658e-05
869. RMSE error: 2.4297256051887658e-05
870. RMSE error: 2.4297256051887658e-05
871. RMSE error: 2.4297256051887658e-05
872. RMSE error: 2.4297256051887658e-05
873. RMSE error: 2.4297256051887658e-05
874. RMSE error: 2.4297256051887658e-05
875. RMSE error: 2.4297256051887658e-05
876. RMSE error: 2.4297256051887658e-05
877. RMSE error: 2.4297256051887658e-05
878. RMSE error: 2.4297256051887658e-05
879. RMSE error: 2.4297256051887658e-05
880. RMSE error: 2.4297256051887658e-05
881. RMSE error: 2.4297256051887658e-05
882. RMSE error: 2.4297256051887658e-05
883. RMSE error: 2.4297256051887658e-05
884. RMSE error: 2.4297256051887658e-05
885. RMSE error: 2.4297256051887658e-05
886. RMSE error: 2.4297256051887658e-05
887. RMSE error: 2.4297256051887658e-05
888. RMSE error: 2.4297256051887658e-05
889. RMSE error: 2.4297256051887658e-05
890. RMSE error: 2.4297256051887658e-05
891. RMSE error: 2.4297256051887658e-05
892. RMSE error: 2.4297256051887658e-05
893. RMSE error: 2.4297256051887658e-05
894. RMSE error: 2.4297256051887658e-05
895. RMSE error: 2.4297256051887658e-05
896. RMSE error: 2.4297256051887658e-05
897. RMSE error: 2.4297256051887658e-05
898. RMSE error: 2.4297256051887658e-05
899. RMSE error: 2.4297256051887658e-05
900. RMSE error: 2.4297256051887658e-05
901. RMSE error: 2.4297256051887658e-05
902. RMSE error: 2.4297256051887658e-05
903. RMSE error: 2.4297256051887658e-05
904. RMSE error: 2.4297256051887658e-05
905. RMSE error: 2.4297256051887658e-05
906. RMSE error: 2.4297256051887658e-05
907. RMSE error: 2.4297256051887658e-05
908. RMSE error: 2.4297256051887658e-05
909. RMSE error: 2.4297256051887658e-05
910. RMSE error: 2.4297256051887658e-05
911. RMSE error: 2.4297256051887658e-05
912. RMSE error: 2.4297256051887658e-05
913. RMSE error: 2.4297256051887658e-05
914. RMSE error: 2.4297256051887658e-05
915. RMSE error: 2.4297256051887658e-05
916. RMSE error: 2.4297256051887658e-05
917. RMSE error: 2.4297256051887658e-05
918. RMSE error: 2.4297256051887658e-05
919. RMSE error: 2.4297256051887658e-05
920. RMSE error: 2.4297256051887658e-05
921. RMSE error: 2.4297256051887658e-05
922. RMSE error: 2.4297256051887658e-05
923. RMSE error: 2.4297256051887658e-05
924. RMSE error: 2.4297256051887658e-05
925. RMSE error: 2.4297256051887658e-05
926. RMSE error: 2.4297256051887658e-05
927. RMSE error: 2.4297256051887658e-05
928. RMSE error: 2.4297256051887658e-05
929. RMSE error: 2.4297256051887658e-05
930. RMSE error: 2.4297256051887658e-05
931. RMSE error: 2.4297256051887658e-05
932. RMSE error: 2.4297256051887658e-05
933. RMSE error: 2.4297256051887658e-05
934. RMSE error: 2.4297256051887658e-05
935. RMSE error: 2.4297256051887658e-05
936. RMSE error: 2.4297256051887658e-05
937. RMSE error: 2.4297256051887658e-05
938. RMSE error: 2.4297256051887658e-05
939. RMSE error: 2.4297256051887658e-05
940. RMSE error: 2.4297256051887658e-05
941. RMSE error: 2.4297256051887658e-05
942. RMSE error: 2.4297256051887658e-05
943. RMSE error: 2.4297256051887658e-05
944. RMSE error: 2.4297256051887658e-05
945. RMSE error: 2.4297256051887658e-05
946. RMSE error: 2.4297256051887658e-05
947. RMSE error: 2.4297256051887658e-05
948. RMSE error: 2.4297256051887658e-05
949. RMSE error: 2.4297256051887658e-05
950. RMSE error: 2.4297256051887658e-05
951. RMSE error: 2.4297256051887658e-05
952. RMSE error: 2.4297256051887658e-05
953. RMSE error: 2.4297256051887658e-05
954. RMSE error: 2.4297256051887658e-05
955. RMSE error: 2.4297256051887658e-05
956. RMSE error: 2.4297256051887658e-05
957. RMSE error: 2.4297256051887658e-05
958. RMSE error: 2.4297256051887658e-05
959. RMSE error: 2.4297256051887658e-05
960. RMSE error: 2.4297256051887658e-05
961. RMSE error: 2.4297256051887658e-05
962. RMSE error: 2.4297256051887658e-05
963. RMSE error: 2.4297256051887658e-05
964. RMSE error: 2.4297256051887658e-05
965. RMSE error: 2.4297256051887658e-05
966. RMSE error: 2.4297256051887658e-05
967. RMSE error: 2.4297256051887658e-05
968. RMSE error: 2.4297256051887658e-05
969. RMSE error: 2.4297256051887658e-05
970. RMSE error: 2.4297256051887658e-05
971. RMSE error: 2.4297256051887658e-05
972. RMSE error: 2.4297256051887658e-05
973. RMSE error: 2.4297256051887658e-05
974. RMSE error: 2.4297256051887658e-05
975. RMSE error: 2.4297256051887658e-05
976. RMSE error: 2.4297256051887658e-05
977. RMSE error: 2.4297256051887658e-05
978. RMSE error: 2.4297256051887658e-05
979. RMSE error: 2.4297256051887658e-05
980. RMSE error: 2.4297256051887658e-05
981. RMSE error: 2.4297256051887658e-05
982. RMSE error: 2.4297256051887658e-05
983. RMSE error: 2.4297256051887658e-05
984. RMSE error: 2.4297256051887658e-05
985. RMSE error: 2.4297256051887658e-05
986. RMSE error: 2.4297256051887658e-05
987. RMSE error: 2.4297256051887658e-05
988. RMSE error: 2.4297256051887658e-05
989. RMSE error: 2.4297256051887658e-05
990. RMSE error: 2.4297256051887658e-05
991. RMSE error: 2.4297256051887658e-05
992. RMSE error: 2.4297256051887658e-05
993. RMSE error: 2.4297256051887658e-05
994. RMSE error: 2.4297256051887658e-05
995. RMSE error: 2.4297256051887658e-05
996. RMSE error: 2.4297256051887658e-05
997. RMSE error: 2.4297256051887658e-05
998. RMSE error: 2.4297256051887658e-05
999. RMSE error: 2.4297256051887658e-05
Total RMSE error myanfis: 0.50


Input 1 Membership Functions:

  MF1: gbellmf(x, [0.07001666666666667, 2.0, 0.3125])

  MF2: gbellmf(x, [0.07001666666666667, 2.0, 0.5225500000000001])

  MF3: gbellmf(x, [0.07001666666666667, 2.0, 0.7326])



Input 2 Membership Functions:

  MF1: gbellmf(x, [0.16666666666666666, 2.0, 1.0])

  MF2: gbellmf(x, [0.16666666666666666, 2.0, 1.5])

  MF3: gbellmf(x, [0.16666666666666666, 2.0, 2.0])



MF RULE OUTPUT
  [[-1.35899332e-04  2.27831247e+00  2.27791803e+00]
 [ 2.76483772e-03  4.02524071e-02  3.40135426e-02]
 [ 2.27027393e-01  1.02492978e+00  5.13342888e-01]
 [-6.01425502e-05  2.27833335e+00  2.27795296e+00]
 [ 1.30261159e-03  3.98085037e-02  3.37918895e-02]
 [ 1.06956647e-01  9.88480755e-01  4.95118393e-01]
 [-1.21781024e-04  2.27838707e+00  2.27806945e+00]
 [ 3.02793877e-03  3.78251337e-02  3.28012975e-02]
 [ 2.48604195e-01  8.25665302e-01  4.13710736e-01]]])

Plots generated successfully.
##################################################
Training completed successfully.
By AP_Lab
Test_Function and save to .csv ...
✅ Done! Output saved to ANFIS_Results\ANFIS_results_2025-08-10_15-54-00.csv
Starting training...
Epoch: 10 Membership: 3 Step_size: 1e-17 Decrease: 9e-16 Increase: 1e-17
0. RMSE error: 5.037147379093342e-06
1. RMSE error: 5.037147379093342e-06
2. RMSE error: 5.037147379093342e-06
3. RMSE error: 5.037147379093342e-06
4. RMSE error: 5.037147379093342e-06
5. RMSE error: 5.037147379093342e-06
6. RMSE error: 5.037147379093342e-06
7. RMSE error: 5.037147379093342e-06
8. RMSE error: 5.037147379093342e-06
9. RMSE error: 5.037147379093342e-06
Total RMSE error myanfis: 0.50


Input 1 Membership Functions:

  MF1: gbellmf(x, [0.07001666666666667, 2.0, 0.3125])

  MF2: gbellmf(x, [0.07001666666666667, 2.0, 0.5225500000000001])

  MF3: gbellmf(x, [0.07001666666666667, 2.0, 0.7326])



Input 2 Membership Functions:

  MF1: gbellmf(x, [0.16666666666666666, 2.0, 1.0])

  MF2: gbellmf(x, [0.16666666666666666, 2.0, 1.5])

  MF3: gbellmf(x, [0.16666666666666666, 2.0, 2.0])



MF RULE OUTPUT
  [[9.40571679e-04 2.27815353e+00 2.27776487e+00]
 [1.21266908e-05 4.00678522e-02 3.39203664e-02]
 [5.45830343e-05 1.00994356e+00 5.05849718e-01]
 [1.82697384e-04 2.27828547e+00 2.27789681e+00]
 [3.12127829e-06 4.00693635e-02 3.39219266e-02]
 [7.34447928e-05 1.00993563e+00 5.05845808e-01]
 [1.35180243e-03 2.27788628e+00 2.27749762e+00]
 [1.75364177e-05 4.00643831e-02 3.39170023e-02]
 [8.72925211e-05 1.00992613e+00 5.05840900e-01]]])

Plots generated successfully.
##################################################
Training completed successfully.
By AP_Lab
Test_Function and save to .csv ...
✅ Done! Output saved to ANFIS_Results\ANFIS_results_2025-08-10_15-56-40.csv
