File loaded: C:/Users/AP_Lab/Downloads/Real_8_10_68.csv
Test file loaded: C:/Users/AP_Lab/Downloads/Real_8_10_68.csv
Starting training...
Epoch: 20 Membership: 3 Step_size: 0.1 Decrease: 0.9 Increase: 0.1
0. RMSE error: 0.4967531342327386
1. RMSE error: 0.706360059113371
2. RMSE error: 0.6704822739916717
3. RMSE error: 0.6139659158860696
4. RMSE error: 0.5327810677056369
5. RMSE error: 0.6547918912160836
6. RMSE error: 0.5866706210624633
7. RMSE error: 0.5351057856050845
8. RMSE error: 0.5599002275095616
9. RMSE error: 0.5404586667801592
10. RMSE error: 0.6241338853736139
11. RMSE error: 0.5538974711990167
12. RMSE error: 0.5126681849021427
13. RMSE error: 0.5969892462347075
14. RMSE error: 0.5168352947645594
15. RMSE error: 0.6624218254202349
16. RMSE error: 0.5053530259051237
17. RMSE error: 0.5387160282558288
18. RMSE error: 0.5551491192341174
19. RMSE error: 0.5329587954149809
Total RMSE error myanfis: 17.22


Input 1 Membership Functions:

  MF1: gbellmf(x, [0.28216074421125464, 1.984538666680486, 0.31533682340886154])

  MF2: gbellmf(x, [-0.038602332106824434, 2.0200125850717945, 0.7875861382509441])

  MF3: gbellmf(x, [0.1775425669742529, 1.989244772165646, 0.8405525748620979])



Input 2 Membership Functions:

  MF1: gbellmf(x, [0.16646236573040565, 2.0000304973736434, 0.9999659693648639])

  MF2: gbellmf(x, [0.16291871957377566, 2.000342884010351, 1.4992609383977795])

  MF3: gbellmf(x, [0.16661142561350167, 2.000008247705933, 2.0000092054897327])



MF RULE OUTPUT
  [[  60.4585057    -5.98650339   -5.95001579]
 [   6.22806064   -1.13176361   -0.59935356]
 [ 495.55990636  -95.10866619  -47.55660989]
 [  17.06247673   27.71350669   27.69263977]
 [  -1.97484786    0.92221651    0.61773606]
 [-193.77158641   54.41048282   27.21589545]
 [ 377.14625753 -113.09126291 -113.07415639]
 [   5.97374983   -1.77907202   -1.52946166]
 [ 152.6278089   -44.67481715  -22.38093721]]])

Training completed successfully.
By AP_Lab
Test_Function and save to .csv ...
✅ Done! Output saved to ANFIS_Results\ANFIS_results_2025-08-10_14-44-20.csv
Plots generated successfully.
##################################################
Starting training...
Epoch: 20 Membership: 3 Step_size: 0.1 Decrease: 0.9 Increase: 0.1
0. RMSE error: 0.4967531342327386
1. RMSE error: 0.706360059113371
2. RMSE error: 0.6704822739916717
3. RMSE error: 0.6139659158860696
4. RMSE error: 0.5327810677056369
5. RMSE error: 0.6547918912160836
6. RMSE error: 0.5866706210624633
7. RMSE error: 0.5351057856050845
8. RMSE error: 0.5599002275095616
9. RMSE error: 0.5404586667801592
10. RMSE error: 0.6241338853736139
11. RMSE error: 0.5538974711990167
12. RMSE error: 0.5126681849021427
13. RMSE error: 0.5969892462347075
14. RMSE error: 0.5168352947645594
15. RMSE error: 0.6624218254202349
16. RMSE error: 0.5053530259051237
17. RMSE error: 0.5387160282558288
18. RMSE error: 0.5551491192341174
19. RMSE error: 0.5329587954149809
Total RMSE error myanfis: 17.22


Input 1 Membership Functions:

  MF1: gbellmf(x, [0.28216074421125464, 1.984538666680486, 0.31533682340886154])

  MF2: gbellmf(x, [-0.038602332106824434, 2.0200125850717945, 0.7875861382509441])

  MF3: gbellmf(x, [0.1775425669742529, 1.989244772165646, 0.8405525748620979])



Input 2 Membership Functions:

  MF1: gbellmf(x, [0.16646236573040565, 2.0000304973736434, 0.9999659693648639])

  MF2: gbellmf(x, [0.16291871957377566, 2.000342884010351, 1.4992609383977795])

  MF3: gbellmf(x, [0.16661142561350167, 2.000008247705933, 2.0000092054897327])



MF RULE OUTPUT
  [[  60.4585057    -5.98650339   -5.95001579]
 [   6.22806064   -1.13176361   -0.59935356]
 [ 495.55990636  -95.10866619  -47.55660989]
 [  17.06247673   27.71350669   27.69263977]
 [  -1.97484786    0.92221651    0.61773606]
 [-193.77158641   54.41048282   27.21589545]
 [ 377.14625753 -113.09126291 -113.07415639]
 [   5.97374983   -1.77907202   -1.52946166]
 [ 152.6278089   -44.67481715  -22.38093721]]])

Training completed successfully.
By AP_Lab
Test_Function and save to .csv ...
✅ Done! Output saved to ANFIS_Results\ANFIS_results_2025-08-10_14-45-28.csv
Plots generated successfully.
##################################################
Starting training...
Epoch: 20 Membership: 15 Step_size: 0.1 Decrease: 0.9 Increase: 0.1
0. RMSE error: 0.37227394214902226
1. RMSE error: 0.3842703948108313
2. RMSE error: 0.33158504207746575
3. RMSE error: 0.3689090771901134
4. RMSE error: 0.3705610108860078
5. RMSE error: 0.3508275874457562
6. RMSE error: 0.35446770880206363
7. RMSE error: 0.36993184283746855
8. RMSE error: 0.3758715237344837
9. RMSE error: 0.4037414465627767
10. RMSE error: 0.3924884688787879
11. RMSE error: 0.3969365007292566
